[2026-02-19 10:33:31] Stage01 missing-source recollection start
[2026-02-19 10:33:31] RUN stage01_fetch_stock_list attempt=1
Fetching KRX stock list...
Saved 2882 stocks to invest/data/master/kr_stock_list.csv
[2026-02-19 10:33:37] RUN stage01_fetch_ohlcv attempt=1
Starting OHLCV collection for 2882 stocks up to 2026-02-19 (incremental enabled)...
Progress: 50/2882 (Success: 50, Fail: 0)
Progress: 100/2882 (Success: 100, Fail: 0)
Progress: 150/2882 (Success: 150, Fail: 0)
Progress: 200/2882 (Success: 200, Fail: 0)
Progress: 250/2882 (Success: 250, Fail: 0)
Progress: 300/2882 (Success: 300, Fail: 0)
Progress: 350/2882 (Success: 350, Fail: 0)
Progress: 400/2882 (Success: 400, Fail: 0)
Progress: 450/2882 (Success: 450, Fail: 0)
Progress: 501/2882 (Success: 500, Fail: 1)
Progress: 552/2882 (Success: 550, Fail: 2)
Progress: 602/2882 (Success: 600, Fail: 2)
Progress: 652/2882 (Success: 650, Fail: 2)
Progress: 703/2882 (Success: 700, Fail: 3)
Progress: 754/2882 (Success: 750, Fail: 4)
Progress: 804/2882 (Success: 800, Fail: 4)
Progress: 854/2882 (Success: 850, Fail: 4)
Progress: 905/2882 (Success: 900, Fail: 5)
Progress: 958/2882 (Success: 950, Fail: 8)
Progress: 1008/2882 (Success: 1000, Fail: 8)
Progress: 1059/2882 (Success: 1050, Fail: 9)
Progress: 1110/2882 (Success: 1100, Fail: 10)
Progress: 1161/2882 (Success: 1150, Fail: 11)
Progress: 1211/2882 (Success: 1200, Fail: 11)
Progress: 1212/2882 (Success: 1200, Fail: 12)
Progress: 1264/2882 (Success: 1250, Fail: 14)
Progress: 1316/2882 (Success: 1300, Fail: 16)
Progress: 1367/2882 (Success: 1350, Fail: 17)
Progress: 1418/2882 (Success: 1400, Fail: 18)
Progress: 1469/2882 (Success: 1450, Fail: 19)
Progress: 1521/2882 (Success: 1500, Fail: 21)
Progress: 1572/2882 (Success: 1550, Fail: 22)
Progress: 1623/2882 (Success: 1600, Fail: 23)
Progress: 1674/2882 (Success: 1650, Fail: 24)
Progress: 1724/2882 (Success: 1700, Fail: 24)
Progress: 1779/2882 (Success: 1750, Fail: 29)
Progress: 1829/2882 (Success: 1800, Fail: 29)
Progress: 1881/2882 (Success: 1850, Fail: 31)
Progress: 1931/2882 (Success: 1900, Fail: 31)
Progress: 1982/2882 (Success: 1950, Fail: 32)
Progress: 2034/2882 (Success: 2000, Fail: 34)
Progress: 2090/2882 (Success: 2050, Fail: 40)
Progress: 2140/2882 (Success: 2100, Fail: 40)
Progress: 2194/2882 (Success: 2150, Fail: 44)
Progress: 2245/2882 (Success: 2200, Fail: 45)
Progress: 2298/2882 (Success: 2250, Fail: 48)
Progress: 2354/2882 (Success: 2300, Fail: 54)
Progress: 2408/2882 (Success: 2350, Fail: 58)
Progress: 2461/2882 (Success: 2400, Fail: 61)
Progress: 2517/2882 (Success: 2450, Fail: 67)
Progress: 2518/2882 (Success: 2450, Fail: 68)
Progress: 2574/2882 (Success: 2500, Fail: 74)
Progress: 2629/2882 (Success: 2550, Fail: 79)
Progress: 2693/2882 (Success: 2600, Fail: 93)
Progress: 2759/2882 (Success: 2650, Fail: 109)
Progress: 2818/2882 (Success: 2700, Fail: 118)
Progress: 2819/2882 (Success: 2700, Fail: 119)
Progress: 2820/2882 (Success: 2700, Fail: 120)
Collection completed. Total Success: 2742, Total Fail: 140
[2026-02-19 10:42:34] RUN stage01_fetch_supply attempt=1
Starting Supply data collection for 2882 stocks up to 20260219 (incremental enabled)...
Supply data collection completed.
[2026-02-19 10:53:35] RUN stage01_fetch_us_ohlcv attempt=1
/Users/jobiseu/.openclaw/workspace/invest/scripts/fetch_us_sp500.py:51: FutureWarning: Passing literal html to 'read_html' is deprecated and will be removed in a future version. To read from a literal string, wrap it in a 'StringIO' object.
  tables = pd.read_html(html)
US OHLCV chunk run: start_idx=267 limit=503 total=503
Progress(chunk): 20/503 | ok=20 fail=0
Progress(chunk): 40/503 | ok=40 fail=0
Progress(chunk): 60/503 | ok=60 fail=0
Progress(chunk): 80/503 | ok=80 fail=0
Progress(chunk): 100/503 | ok=100 fail=0
Progress(chunk): 120/503 | ok=120 fail=0
Progress(chunk): 140/503 | ok=140 fail=0
Progress(chunk): 160/503 | ok=160 fail=0
Progress(chunk): 180/503 | ok=180 fail=0
Progress(chunk): 200/503 | ok=200 fail=0
Progress(chunk): 220/503 | ok=220 fail=0
Progress(chunk): 240/503 | ok=240 fail=0
Progress(chunk): 260/503 | ok=260 fail=0
Progress(chunk): 280/503 | ok=280 fail=0
Progress(chunk): 300/503 | ok=300 fail=0
Progress(chunk): 320/503 | ok=320 fail=0
Progress(chunk): 340/503 | ok=340 fail=0
Progress(chunk): 360/503 | ok=360 fail=0
Progress(chunk): 380/503 | ok=380 fail=0
Progress(chunk): 400/503 | ok=400 fail=0
Progress(chunk): 420/503 | ok=420 fail=0
Progress(chunk): 440/503 | ok=440 fail=0
Progress(chunk): 460/503 | ok=460 fail=0
Progress(chunk): 480/503 | ok=480 fail=0
Progress(chunk): 500/503 | ok=500 fail=0
Chunk done. processed=503/503 next=267 ok=503 fail=0
[2026-02-19 10:57:13] RUN stage01_fetch_news_rss attempt=1
Saved 8 feeds -> invest/data/raw/market/news/rss
[2026-02-19 10:57:20] RUN stage01_fetch_macro_fred attempt=1
Saved FEDFUNDS (Fed Funds Rate) -> invest/data/raw/market/macro/FEDFUNDS.csv (313)
Saved CPIAUCSL (CPI) -> invest/data/raw/market/macro/CPIAUCSL.csv (313)
Saved UNRATE (Unemployment Rate) -> invest/data/raw/market/macro/UNRATE.csv (313)
Saved DGS10 (US 10Y Treasury) -> invest/data/raw/market/macro/DGS10.csv (6817)
Saved DGS2 (US 2Y Treasury) -> invest/data/raw/market/macro/DGS2.csv (6817)
Saved T10Y2Y (10Y-2Y Spread) -> invest/data/raw/market/macro/T10Y2Y.csv (6818)
Saved VIXCLS (VIX) -> invest/data/raw/market/macro/VIXCLS.csv (6817)
Saved BAA10Y (Moody's BAA - 10Y Spread) -> invest/data/raw/market/macro/BAA10Y.csv (6817)
Saved AAA10Y (Moody's AAA - 10Y Spread) -> invest/data/raw/market/macro/AAA10Y.csv (6817)
Saved TEDRATE (TED Spread) -> invest/data/raw/market/macro/TEDRATE.csv (5755)
Saved DEXKOUS (KRW/USD) -> invest/data/raw/market/macro/DEXKOUS.csv (6815)
Saved IRLTLT01KRM156N (Korea Long-term Interest Rate (OECD)) -> invest/data/raw/market/macro/IRLTLT01KRM156N.csv (304)
[2026-02-19 10:57:27] RUN stage01_fetch_global_macro attempt=1
[2026-02-19 10:57:28] Starting global macro fetch...
  Fetching VIX...
    Saved 2514 rows to /Users/jobiseu/.openclaw/workspace/invest/scripts/../data/macro/VIX.csv
  Fetching DXY...
    Saved 2515 rows to /Users/jobiseu/.openclaw/workspace/invest/scripts/../data/macro/DXY.csv
  Fetching SOX...
    Saved 2514 rows to /Users/jobiseu/.openclaw/workspace/invest/scripts/../data/macro/SOX.csv
  Fetching TNX...
    Saved 2514 rows to /Users/jobiseu/.openclaw/workspace/invest/scripts/../data/macro/TNX.csv
  Fetching IRX...
    Saved 2514 rows to /Users/jobiseu/.openclaw/workspace/invest/scripts/../data/macro/IRX.csv
  Fetching SPY...
    Saved 2514 rows to /Users/jobiseu/.openclaw/workspace/invest/scripts/../data/macro/SPY.csv
  Fetching QQQ...
    Saved 2514 rows to /Users/jobiseu/.openclaw/workspace/invest/scripts/../data/macro/QQQ.csv
  Calculated YIELD_SPREAD, saved to /Users/jobiseu/.openclaw/workspace/invest/scripts/../data/macro/YIELD_SPREAD.csv
[2026-02-19 10:57:32] Global macro fetch complete.

Summary:
{
  "timestamp": "2026-02-19T10:57:32.143894",
  "symbols_fetched": [
    "VIX",
    "DXY",
    "SOX",
    "TNX",
    "IRX",
    "SPY",
    "QQQ"
  ],
  "spreads_calculated": [
    "YIELD_SPREAD"
  ],
  "period": "10y",
  "latest": {
    "VIX": {
      "date": "2026-02-18",
      "close": 19.6200008392334,
      "change_1d": -0.03302119497595557,
      "change_5d": 0.11161480245216948
    },
    "DXY": {
      "date": "2026-02-18",
      "close": 97.6989974975586,
      "change_1d": 0.005547486775768995,
      "change_5d": 0.008974446453281049
    },
    "SOX": {
      "date": "2026-02-18",
      "close": 8214.353515625,
      "change_1d": 0.009624291003281105,
      "change_5d": -0.009347339758670081
    },
    "TNX": {
      "date": "2026-02-18",
      "close": 4.078999996185303,
      "change_1d": 0.00666336379662158,
      "change_5d": -0.022291451745153124
    },
    "IRX": {
      "date": "2026-02-18",
      "close": 3.6029999256134033,
      "change_1d": 0.0027831869311845114,
      "change_5d": 0.0008333391834189907
    },
    "SPY": {
      "date": "2026-02-18",
      "close": 686.2899780273438,
      "change_1d": 0.005037713354905549,
      "change_5d": -0.008194178515036454
    },
    "QQQ": {
      "date": "2026-02-18",
      "close": 605.7899780273438,
      "change_1d": 0.0074671384093241144,
      "change_5d": -0.011939142240558032
    }
  }
}

Regime Signals:
{
  "timestamp": "2026-02-19T10:57:32.146995",
  "regime": "mixed",
  "confidence": 0.5,
  "factors": {
    "vix": "calm",
    "sox": "neutral",
    "dxy": "stable"
  }
}
[2026-02-19 10:57:32] RUN stage01_fetch_trends attempt=1
/Users/jobiseu/.openclaw/workspace/invest/venv/lib/python3.14/site-packages/pytrends/request.py:260: FutureWarning: Downcasting object dtype arrays on .fillna, .ffill, .bfill is deprecated and will change in a future version. Call result.infer_objects(copy=False) instead. To opt-in to the future behavior, set `pd.set_option('future.no_silent_downcasting', True)`
  df = df.fillna(False)
/Users/jobiseu/.openclaw/workspace/invest/venv/lib/python3.14/site-packages/pytrends/request.py:260: FutureWarning: Downcasting object dtype arrays on .fillna, .ffill, .bfill is deprecated and will change in a future version. Call result.infer_objects(copy=False) instead. To opt-in to the future behavior, set `pd.set_option('future.no_silent_downcasting', True)`
  df = df.fillna(False)
/Users/jobiseu/.openclaw/workspace/invest/venv/lib/python3.14/site-packages/pytrends/request.py:260: FutureWarning: Downcasting object dtype arrays on .fillna, .ffill, .bfill is deprecated and will change in a future version. Call result.infer_objects(copy=False) instead. To opt-in to the future behavior, set `pd.set_option('future.no_silent_downcasting', True)`
  df = df.fillna(False)
/Users/jobiseu/.openclaw/workspace/invest/venv/lib/python3.14/site-packages/pytrends/request.py:260: FutureWarning: Downcasting object dtype arrays on .fillna, .ffill, .bfill is deprecated and will change in a future version. Call result.infer_objects(copy=False) instead. To opt-in to the future behavior, set `pd.set_option('future.no_silent_downcasting', True)`
  df = df.fillna(False)
/Users/jobiseu/.openclaw/workspace/invest/venv/lib/python3.14/site-packages/pytrends/request.py:260: FutureWarning: Downcasting object dtype arrays on .fillna, .ffill, .bfill is deprecated and will change in a future version. Call result.infer_objects(copy=False) instead. To opt-in to the future behavior, set `pd.set_option('future.no_silent_downcasting', True)`
  df = df.fillna(False)
/Users/jobiseu/.openclaw/workspace/invest/venv/lib/python3.14/site-packages/pytrends/request.py:260: FutureWarning: Downcasting object dtype arrays on .fillna, .ffill, .bfill is deprecated and will change in a future version. Call result.infer_objects(copy=False) instead. To opt-in to the future behavior, set `pd.set_option('future.no_silent_downcasting', True)`
  df = df.fillna(False)
/Users/jobiseu/.openclaw/workspace/invest/venv/lib/python3.14/site-packages/pytrends/request.py:260: FutureWarning: Downcasting object dtype arrays on .fillna, .ffill, .bfill is deprecated and will change in a future version. Call result.infer_objects(copy=False) instead. To opt-in to the future behavior, set `pd.set_option('future.no_silent_downcasting', True)`
  df = df.fillna(False)
/Users/jobiseu/.openclaw/workspace/invest/venv/lib/python3.14/site-packages/pytrends/request.py:260: FutureWarning: Downcasting object dtype arrays on .fillna, .ffill, .bfill is deprecated and will change in a future version. Call result.infer_objects(copy=False) instead. To opt-in to the future behavior, set `pd.set_option('future.no_silent_downcasting', True)`
  df = df.fillna(False)
Fetching Google Trends for: 삼성전자 over 2016-02-22 2026-02-19
Success: 삼성전자
Fetching Google Trends for: SK하이닉스 over 2016-02-22 2026-02-19
Success: SK하이닉스
Fetching Google Trends for: 로봇 over 2016-02-22 2026-02-19
Success: 로봇
Fetching Google Trends for: 전기차 over 2016-02-22 2026-02-19
Success: 전기차
Fetching Google Trends for: 태양광 over 2016-02-22 2026-02-19
Success: 태양광
Fetching Google Trends for: 희토류 over 2016-02-22 2026-02-19
Success: 희토류
Fetching Google Trends for: 제이에스링크 over 2016-02-22 2026-02-19
Success: 제이에스링크
Fetching Google Trends for: 드론 over 2016-02-22 2026-02-19
Success: 드론
[2026-02-19 10:58:24] RUN stage01_image_harvester attempt=1
/Users/jobiseu/.openclaw/workspace/invest/scripts/stage01_image_harvester.py:105: DeprecationWarning: datetime.datetime.utcnow() is deprecated and scheduled for removal in a future version. Use timezone-aware objects to represent datetimes in UTC: datetime.datetime.now(datetime.UTC).
  ts = datetime.utcnow().strftime("%Y%m%d-%H%M%S")
