[2026-02-19 10:33:31] Blog backfill start
[2026-02-19 10:33:31] pass=1/6 attempt=1
[2026-02-19 10:33:31] List mode: HTTP-first (browser fallback=OFF)
[2026-02-19 10:33:31] [241/633] Processing buddy: homiru (38.07%)
[2026-02-19 10:33:31] [242/633] Processing buddy: will1009__ (38.23%)
[2026-02-19 10:33:31] [243/633] Processing buddy: oracle0923 (38.39%)
[2026-02-19 10:33:31] [244/633] Processing buddy: insightfulproject (38.55%)
[2026-02-19 10:33:32] [245/633] Processing buddy: jyleenew (38.70%)
[2026-02-19 10:33:32] [246/633] Processing buddy: kwak18230 (38.86%)
[2026-02-19 10:33:32] [247/633] Processing buddy: ji092205 (39.02%)
[2026-02-19 10:33:32] [248/633] Processing buddy: happysowoo (39.18%)
[2026-02-19 10:33:32] [249/633] Processing buddy: be-free2 (39.34%)
[2026-02-19 10:33:33] [250/633] Processing buddy: ginius94 (39.49%)
[2026-02-19 10:33:33] [251/633] Processing buddy: hyucky_u (39.65%)
[2026-02-19 10:33:33] [252/633] Processing buddy: sleepingwell- (39.81%)
[2026-02-19 10:33:33] [253/633] Processing buddy: vuddjs2591 (39.97%)
[2026-02-19 10:33:34] [254/633] Processing buddy: balance1987 (40.13%)
[2026-02-19 10:33:34] [255/633] Processing buddy: patience- (40.28%)
[2026-02-19 10:33:34] [256/633] Processing buddy: chesspain (40.44%)
[2026-02-19 10:33:34] [257/633] Processing buddy: blenglo (40.60%)
[2026-02-19 10:33:35] [258/633] Processing buddy: universal_man (40.76%)
[2026-02-19 10:33:35] [259/633] Processing buddy: isimas1004 (40.92%)
[2026-02-19 10:33:35] [260/633] Processing buddy: dosangi (41.07%)
[2026-02-19 10:33:35] [261/633] Processing buddy: yak_bro (41.23%)
[2026-02-19 10:33:36] [262/633] Processing buddy: onrs45 (41.39%)
[2026-02-19 10:33:36] [263/633] Processing buddy: freestrong (41.55%)
[2026-02-19 10:33:36] [264/633] Processing buddy: hjahn07 (41.71%)
[2026-02-19 10:33:36] [265/633] Processing buddy: dj2koo (41.86%)
[2026-02-19 10:33:37] [266/633] Processing buddy: freechip (42.02%)
[2026-02-19 10:33:37] [267/633] Processing buddy: eksqlwnstj (42.18%)
[2026-02-19 10:33:37] [268/633] Processing buddy: vi2008 (42.34%)
[2026-02-19 10:33:37] [269/633] Processing buddy: hong790610 (42.50%)
[2026-02-19 10:33:37] [270/633] Processing buddy: vigfow (42.65%)
[2026-02-19 10:33:38] [271/633] Processing buddy: make_money_big (42.81%)
[2026-02-19 10:33:38]   Fast-fetching: HK이노엔 목표주가 70,000원과 실적 전망 feat;미국 시장에 대비하는 자세 (2026. 2. 19.)
[2026-02-19 10:33:38] [272/633] Processing buddy: bear_economy (42.97%)
[2026-02-19 10:33:38] [273/633] Processing buddy: fire_buja (43.13%)
[2026-02-19 10:33:38] [274/633] Processing buddy: ssinmusa (43.29%)
[2026-02-19 10:33:39] [275/633] Processing buddy: changseob_lee (43.44%)
[2026-02-19 10:33:39] [276/633] Processing buddy: funfun_playground (43.60%)
[2026-02-19 10:33:39] [277/633] Processing buddy: 68083015 (43.76%)
[2026-02-19 10:33:39] [278/633] Processing buddy: gunbaram (43.92%)
[2026-02-19 10:33:40] [279/633] Processing buddy: kawai214 (44.08%)
[2026-02-19 10:33:40] [280/633] Processing buddy: webnuri7 (44.23%)
[2026-02-19 10:33:40] [281/633] Processing buddy: 07leader (44.39%)
[2026-02-19 10:33:40] [282/633] Processing buddy: seosky1080 (44.55%)
[2026-02-19 10:33:40] [283/633] Processing buddy: syprus (44.71%)
[2026-02-19 10:33:41] [284/633] Processing buddy: ajuksaek (44.87%)
[2026-02-19 10:33:41] [285/633] Processing buddy: acubook (45.02%)
[2026-02-19 10:33:41] [286/633] Processing buddy: limsk1212 (45.18%)
[2026-02-19 10:33:41] [287/633] Processing buddy: uihansol (45.34%)
[2026-02-19 10:33:41] [288/633] Processing buddy: jelkajelka (45.50%)
[2026-02-19 10:33:41]   Fast-fetching: AI 도입 성공을 가르는 5%의 비밀: '문제 재정의'와 '사용자 중심 KPI'의 힘 (2026. 2. 19.)
[2026-02-19 10:33:42]   Fast-fetching: '자사주 소각 의무화' 3차 상법 개정 임박…자사주 많은 종목은 (2026. 2. 19.)
[2026-02-19 10:33:42]   Fast-fetching: 800조 AI 인프라 전쟁: 빅테크가 '물리 법칙'에 도전하는 3가지 생존 전략 (2026. 2. 19.)
[2026-02-19 10:33:42] [289/633] Processing buddy: secondlevelthinking (45.66%)
[2026-02-19 10:33:42] [290/633] Processing buddy: congs1114 (45.81%)
[2026-02-19 10:33:43] [291/633] Processing buddy: aramsiwonpapa (45.97%)
[2026-02-19 10:33:43] [292/633] Processing buddy: audistar (46.13%)
[2026-02-19 10:33:43]   Fast-fetching: 주가만 흔들릴 뿐, 사업은 착착 진행 중 - 아이티센글로벌 (2026. 2. 19.)
[2026-02-19 10:33:43]   Fast-fetching: 아이센스, 지축을 박차고 포효하라 - 미래에셋 (2026. 2. 19.)
[2026-02-19 10:33:43] [293/633] Processing buddy: puipuia1 (46.29%)
[2026-02-19 10:33:44] [294/633] Processing buddy: anorien (46.45%)
[2026-02-19 10:33:44] [295/633] Processing buddy: apharm (46.60%)
[2026-02-19 10:33:44] [296/633] Processing buddy: siegetruck (46.76%)
[2026-02-19 10:33:44] [297/633] Processing buddy: kimcharger (46.92%)
[2026-02-19 10:33:45] [298/633] Processing buddy: djgkrrl1234 (47.08%)
[2026-02-19 10:33:45] [299/633] Processing buddy: bhplayer (47.24%)
[2026-02-19 10:33:45] [300/633] Processing buddy: yyjun212720 (47.39%)
[2026-02-19 10:33:45] [301/633] Processing buddy: riamunger (47.55%)
[2026-02-19 10:33:45] [302/633] Processing buddy: mattingly (47.71%)
[2026-02-19 10:33:46] [303/633] Processing buddy: secreatkim (47.87%)
[2026-02-19 10:33:46] [304/633] Processing buddy: bigpicture-storage (48.03%)
[2026-02-19 10:33:46] [305/633] Processing buddy: moonis777 (48.18%)
[2026-02-19 10:33:47] [306/633] Processing buddy: david_invest (48.34%)
[2026-02-19 10:33:47] [307/633] Processing buddy: jaeyounglim (48.50%)
[2026-02-19 10:33:47] [308/633] Processing buddy: haeng2 (48.66%)
[2026-02-19 10:33:47] [309/633] Processing buddy: nanowave (48.82%)
[2026-02-19 10:33:48] [310/633] Processing buddy: ok5645 (48.97%)
[2026-02-19 10:33:48] [311/633] Processing buddy: aerokiy (49.13%)
[2026-02-19 10:33:48] [312/633] Processing buddy: paradise___ (49.29%)
[2026-02-19 10:33:48] [313/633] Processing buddy: mdgs12391 (49.45%)
[2026-02-19 10:33:48] [314/633] Processing buddy: kedkorea (49.61%)
[2026-02-19 10:33:49] [315/633] Processing buddy: richyun0108 (49.76%)
[2026-02-19 10:33:49] [316/633] Processing buddy: hardtoread (49.92%)
[2026-02-19 10:33:49] [317/633] Processing buddy: lambofd (50.08%)
[2026-02-19 10:33:49] [318/633] Processing buddy: ksh4243 (50.24%)
[2026-02-19 10:33:50] [319/633] Processing buddy: dkdk053 (50.39%)
[2026-02-19 10:33:50] [320/633] Processing buddy: noruda11 (50.55%)
[2026-02-19 10:33:50] [321/633] Processing buddy: mok7593 (50.71%)
[2026-02-19 10:33:50] [322/633] Processing buddy: studying-investor (50.87%)
[2026-02-19 10:33:50] [323/633] Processing buddy: hoknight (51.03%)
[2026-02-19 10:33:50] [324/633] Processing buddy: mosma_1982 (51.18%)
[2026-02-19 10:33:51] [325/633] Processing buddy: likemoso (51.34%)
[2026-02-19 10:33:51] [326/633] Processing buddy: lifemento (51.50%)
[2026-02-19 10:33:51] [327/633] Processing buddy: greatmaya (51.66%)
[2026-02-19 10:33:51] [328/633] Processing buddy: donyon3 (51.82%)
[2026-02-19 10:33:51] [329/633] Processing buddy: kmecheck (51.97%)
[2026-02-19 10:33:52] [330/633] Processing buddy: investor124 (52.13%)
[2026-02-19 10:33:52] [331/633] Processing buddy: knightngo1 (52.29%)
[2026-02-19 10:33:52] [332/633] Processing buddy: i0178704 (52.45%)
[2026-02-19 10:33:52] [333/633] Processing buddy: sawoo111 (52.61%)
[2026-02-19 10:33:52] [334/633] Processing buddy: shin0503988 (52.76%)
[2026-02-19 10:33:53] [335/633] Processing buddy: modestytoknowledge (52.92%)
[2026-02-19 10:33:53] [336/633] Processing buddy: gmyhhj (53.08%)
[2026-02-19 10:33:53] [337/633] Processing buddy: stalk0218 (53.24%)
[2026-02-19 10:33:53] [338/633] Processing buddy: positive_routine (53.40%)
[2026-02-19 10:33:53] [339/633] Processing buddy: 2222ty (53.55%)
[2026-02-19 10:33:54] [340/633] Processing buddy: namecco (53.71%)
[2026-02-19 10:33:54] [341/633] Processing buddy: i_mhappy (53.87%)
[2026-02-19 10:33:54] [342/633] Processing buddy: new-cat (54.03%)
[2026-02-19 10:33:54] [343/633] Processing buddy: academypark (54.19%)
[2026-02-19 10:33:55]   Fast-fetching: AI 시대의 실력 양극화 심화 (2026. 2. 19.)
[2026-02-19 10:33:55] [344/633] Processing buddy: jwjw7207 (54.34%)
[2026-02-19 10:33:55] [345/633] Processing buddy: elang616 (54.50%)
[2026-02-19 10:33:55] [346/633] Processing buddy: hhhan0319 (54.66%)
[2026-02-19 10:33:55] [347/633] Processing buddy: dh3508 (54.82%)
[2026-02-19 10:33:56] [348/633] Processing buddy: meanhope (54.98%)
[2026-02-19 10:33:56] [349/633] Processing buddy: youngs_mine (55.13%)
[2026-02-19 10:33:56] [350/633] Processing buddy: zoazoayou12 (55.29%)
[2026-02-19 10:33:56] [351/633] Processing buddy: handhwang (55.45%)
[2026-02-19 10:33:56] [352/633] Processing buddy: saatan83 (55.61%)
[2026-02-19 10:33:57] [353/633] Processing buddy: forfreedaddy (55.77%)
[2026-02-19 10:33:57] [354/633] Processing buddy: thinkingdepth (55.92%)
[2026-02-19 10:33:57] [355/633] Processing buddy: cms7977 (56.08%)
[2026-02-19 10:33:57] [356/633] Processing buddy: ioveguswn (56.24%)
[2026-02-19 10:33:57] [357/633] Processing buddy: project0347 (56.40%)
[2026-02-19 10:33:58] [358/633] Processing buddy: fateinvestor (56.56%)
[2026-02-19 10:33:58] [359/633] Processing buddy: masterwu (56.71%)
[2026-02-19 10:33:58] [360/633] Processing buddy: yukkkiii- (56.87%)
[2026-02-19 10:33:58] Blog crawl finished (processed 120 buddies this run; range=241..360 / 633).
STATUS: BLOG_SCRAPE_FINISHED RESULT=OK SAVED=7 ERRORS=0
[2026-02-19 10:34:00] pass=2/6 attempt=1
[2026-02-19 10:34:00] List mode: HTTP-first (browser fallback=OFF)
[2026-02-19 10:34:00] [361/633] Processing buddy: cami2898 (57.03%)
[2026-02-19 10:34:01] [362/633] Processing buddy: kmnpsh_ (57.19%)
[2026-02-19 10:34:01] [363/633] Processing buddy: drleepr (57.35%)
[2026-02-19 10:34:01] [364/633] Processing buddy: mymoneymoney (57.50%)
[2026-02-19 10:34:01] [365/633] Processing buddy: km_joshua (57.66%)
[2026-02-19 10:34:02] [366/633] Processing buddy: llzard (57.82%)
[2026-02-19 10:34:02] [367/633] Processing buddy: domine90 (57.98%)
[2026-02-19 10:34:02] [368/633] Processing buddy: stock_reader100 (58.14%)
[2026-02-19 10:34:02] [369/633] Processing buddy: skimplan (58.29%)
[2026-02-19 10:34:03] [370/633] Processing buddy: barry4manilow (58.45%)
[2026-02-19 10:34:03] [371/633] Processing buddy: englhk (58.61%)
[2026-02-19 10:34:03] [372/633] Processing buddy: booka02 (58.77%)
[2026-02-19 10:34:03]   Fast-fetching: 삼성증권, 오일 (2026. 2. 19.)
[2026-02-19 10:34:03] [373/633] Processing buddy: insightstreet (58.93%)
[2026-02-19 10:34:03] [374/633] Processing buddy: infodepot (59.08%)
[2026-02-19 10:34:04] [375/633] Processing buddy: huyoung74 (59.24%)
[2026-02-19 10:34:04] [376/633] Processing buddy: zero_family (59.40%)
[2026-02-19 10:34:04] [377/633] Processing buddy: scienceconomy (59.56%)
[2026-02-19 10:34:05] [378/633] Processing buddy: googooinvest (59.72%)
[2026-02-19 10:34:05] [379/633] Processing buddy: qufekfgo_ (59.87%)
[2026-02-19 10:34:05] [380/633] Processing buddy: lalalazzzz_ (60.03%)
[2026-02-19 10:34:05] [381/633] Processing buddy: usstock_ (60.19%)
[2026-02-19 10:34:06] [382/633] Processing buddy: gravityventures (60.35%)
[2026-02-19 10:34:06] [383/633] Processing buddy: silvury (60.51%)
[2026-02-19 10:34:06] [384/633] Processing buddy: hkm6589 (60.66%)
[2026-02-19 10:34:06] [385/633] Processing buddy: minj0707 (60.82%)
[2026-02-19 10:34:07] [386/633] Processing buddy: samadi2014 (60.98%)
[2026-02-19 10:34:07] [387/633] Processing buddy: free_souling (61.14%)
[2026-02-19 10:34:07] [388/633] Processing buddy: labbug1786 (61.30%)
[2026-02-19 10:34:07] [389/633] Processing buddy: bananakoala (61.45%)
[2026-02-19 10:34:07] [390/633] Processing buddy: ogok2010 (61.61%)
[2026-02-19 10:34:08] [391/633] Processing buddy: cooldavidoff (61.77%)
[2026-02-19 10:34:08] [392/633] Processing buddy: investinghistory (61.93%)
[2026-02-19 10:34:08] [393/633] Processing buddy: qudgml0873 (62.09%)
[2026-02-19 10:34:09] [394/633] Processing buddy: renosong (62.24%)
[2026-02-19 10:34:09] [395/633] Processing buddy: closer-jun (62.40%)
[2026-02-19 10:34:09] [396/633] Processing buddy: fractal1985 (62.56%)
[2026-02-19 10:34:09] [397/633] Processing buddy: gentlealgu (62.72%)
[2026-02-19 10:34:09] [398/633] Processing buddy: shyman23 (62.88%)
[2026-02-19 10:34:09] [399/633] Processing buddy: cymoore98 (63.03%)
[2026-02-19 10:34:10] [400/633] Processing buddy: wizsoo (63.19%)
[2026-02-19 10:34:10] [401/633] Processing buddy: vaon1 (63.35%)
[2026-02-19 10:34:10] [402/633] Processing buddy: likenero (63.51%)
[2026-02-19 10:34:10] [403/633] Processing buddy: mss0908 (63.67%)
[2026-02-19 10:34:11]   Fast-fetching: 휴온스 배당 200원 (2026. 2. 19.)
[2026-02-19 10:34:11]   Fast-fetching: 분기당 1600억 매출 휴온스 (2026. 2. 19.)
[2026-02-19 10:34:11] [404/633] Processing buddy: yjnam7 (63.82%)
[2026-02-19 10:34:11] [405/633] Processing buddy: wkosin (63.98%)
[2026-02-19 10:34:11] [406/633] Processing buddy: bluedog10 (64.14%)
[2026-02-19 10:34:12] [407/633] Processing buddy: kychoi84 (64.30%)
[2026-02-19 10:34:12] [408/633] Processing buddy: kch0539 (64.45%)
[2026-02-19 10:34:12] [409/633] Processing buddy: shakey7 (64.61%)
[2026-02-19 10:34:12] [410/633] Processing buddy: valparaiso (64.77%)
[2026-02-19 10:34:12] [411/633] Processing buddy: pianolmjk (64.93%)
[2026-02-19 10:34:13] [412/633] Processing buddy: poj6289 (65.09%)
[2026-02-19 10:34:13] [413/633] Processing buddy: guidetothemarket (65.24%)
[2026-02-19 10:34:13] [414/633] Processing buddy: darksulin (65.40%)
[2026-02-19 10:34:13] [415/633] Processing buddy: jpsme (65.56%)
[2026-02-19 10:34:14] [416/633] Processing buddy: ksjist (65.72%)
[2026-02-19 10:34:14] [417/633] Processing buddy: sjay34 (65.88%)
[2026-02-19 10:34:14] [418/633] Processing buddy: firelifestyle (66.03%)
[2026-02-19 10:34:14] [419/633] Processing buddy: startawoo (66.19%)
[2026-02-19 10:34:14] [420/633] Processing buddy: freestyle-good (66.35%)
[2026-02-19 10:34:15] [421/633] Processing buddy: heyda46 (66.51%)
[2026-02-19 10:34:15] [422/633] Processing buddy: iampoohoo (66.67%)
[2026-02-19 10:34:15] [423/633] Processing buddy: free0165 (66.82%)
[2026-02-19 10:34:15] [424/633] Processing buddy: dlaldhr0821 (66.98%)
[2026-02-19 10:34:16] [425/633] Processing buddy: lunaticd (67.14%)
[2026-02-19 10:34:16] [426/633] Processing buddy: thyoon55 (67.30%)
[2026-02-19 10:34:16] [427/633] Processing buddy: cih2996 (67.46%)
[2026-02-19 10:34:16] [428/633] Processing buddy: foolishest (67.61%)
[2026-02-19 10:34:17] [429/633] Processing buddy: bookmarkromanticwolf (67.77%)
[2026-02-19 10:34:17] [430/633] Processing buddy: etranger-7 (67.93%)
[2026-02-19 10:34:17] [431/633] Processing buddy: hifnkmj (68.09%)
[2026-02-19 10:34:17] [432/633] Processing buddy: ffengineer (68.25%)
[2026-02-19 10:34:18] [433/633] Processing buddy: cottage261 (68.40%)
[2026-02-19 10:34:18] [434/633] Processing buddy: deekelly (68.56%)
[2026-02-19 10:34:18] [435/633] Processing buddy: kih8591 (68.72%)
[2026-02-19 10:34:18] [436/633] Processing buddy: sas4321 (68.88%)
[2026-02-19 10:34:18] [437/633] Processing buddy: rocky1979 (69.04%)
[2026-02-19 10:34:18] [438/633] Processing buddy: jamon___ (69.19%)
[2026-02-19 10:34:19] [439/633] Processing buddy: desertfox_28 (69.35%)
[2026-02-19 10:34:19] [440/633] Processing buddy: dss544749 (69.51%)
[2026-02-19 10:34:19]   Fast-fetching: 2/14 FSD 주행 - 지능을 가진 FSD (2026. 2. 19.)
[2026-02-19 10:34:19]   Fast-fetching: 2/8 FSD 주행 (2026. 2. 19.)
[2026-02-19 10:34:19]   Fast-fetching: 2/7 FSD 4번째 주행 (2026. 2. 19.)
[2026-02-19 10:34:20] [441/633] Processing buddy: korea_hun88 (69.67%)
[2026-02-19 10:34:20] [442/633] Processing buddy: dny_gn (69.83%)
[2026-02-19 10:34:20] [443/633] Processing buddy: jino245 (69.98%)
[2026-02-19 10:34:20] [444/633] Processing buddy: zeromind6 (70.14%)
[2026-02-19 10:34:20] [445/633] Processing buddy: awwwf3 (70.30%)
[2026-02-19 10:34:21] [446/633] Processing buddy: koolio77 (70.46%)
[2026-02-19 10:34:21]   Fast-fetching: 아이센스_목표가 40,000원 (2026. 2. 19.)
[2026-02-19 10:34:21] [447/633] Processing buddy: kradish (70.62%)
[2026-02-19 10:34:21] [448/633] Processing buddy: king881213 (70.77%)
[2026-02-19 10:34:21] [449/633] Processing buddy: 6apples (70.93%)
[2026-02-19 10:34:22] [450/633] Processing buddy: nihil76 (71.09%)
[2026-02-19 10:34:22] [451/633] Processing buddy: kangeungu7 (71.25%)
[2026-02-19 10:34:22] [452/633] Processing buddy: akrckd0305 (71.41%)
[2026-02-19 10:34:22] [453/633] Processing buddy: rhapwm126 (71.56%)
[2026-02-19 10:34:23] [454/633] Processing buddy: seokho0815 (71.72%)
[2026-02-19 10:34:23] [455/633] Processing buddy: wei-jung (71.88%)
[2026-02-19 10:34:23] [456/633] Processing buddy: forysd1986 (72.04%)
[2026-02-19 10:34:23] [457/633] Processing buddy: kucpa80 (72.20%)
[2026-02-19 10:34:23] [458/633] Processing buddy: sapainvest (72.35%)
[2026-02-19 10:34:23] [459/633] Processing buddy: jjanjie3 (72.51%)
[2026-02-19 10:34:24] [460/633] Processing buddy: rlckqo (72.67%)
[2026-02-19 10:34:24] [461/633] Processing buddy: a463508 (72.83%)
[2026-02-19 10:34:24] [462/633] Processing buddy: hodolry (72.99%)
[2026-02-19 10:34:24] [463/633] Processing buddy: lewisse (73.14%)
[2026-02-19 10:34:24] [464/633] Processing buddy: snowball1008 (73.30%)
[2026-02-19 10:34:25] [465/633] Processing buddy: alcamist (73.46%)
[2026-02-19 10:34:25] [466/633] Processing buddy: ddowoo (73.62%)
[2026-02-19 10:34:25] [467/633] Processing buddy: ejkkkkk (73.78%)
[2026-02-19 10:34:26] [468/633] Processing buddy: glory4u_lee (73.93%)
[2026-02-19 10:34:26] [469/633] Processing buddy: james_lee_advisors (74.09%)
[2026-02-19 10:34:26] [470/633] Processing buddy: ultech11 (74.25%)
[2026-02-19 10:34:26] [471/633] Processing buddy: keo8410 (74.41%)
[2026-02-19 10:34:26] [472/633] Processing buddy: royvalue (74.57%)
[2026-02-19 10:34:27] [473/633] Processing buddy: delta0413 (74.72%)
[2026-02-19 10:34:27] [474/633] Processing buddy: seok1051 (74.88%)
[2026-02-19 10:34:27] [475/633] Processing buddy: happysun1203 (75.04%)
[2026-02-19 10:34:27] [476/633] Processing buddy: wonjun1928 (75.20%)
[2026-02-19 10:34:28] [477/633] Processing buddy: gnoietop (75.36%)
[2026-02-19 10:34:28] [478/633] Processing buddy: nation775 (75.51%)
[2026-02-19 10:34:28] [479/633] Processing buddy: sunsetfrappuccino (75.67%)
[2026-02-19 10:34:28] [480/633] Processing buddy: hukssari1 (75.83%)
[2026-02-19 10:34:28] Blog crawl finished (processed 120 buddies this run; range=361..480 / 633).
STATUS: BLOG_SCRAPE_FINISHED RESULT=OK SAVED=7 ERRORS=0
[2026-02-19 10:34:31] pass=3/6 attempt=1
[2026-02-19 10:34:31] List mode: HTTP-first (browser fallback=OFF)
[2026-02-19 10:34:31] [481/633] Processing buddy: fatherink (75.99%)
[2026-02-19 10:34:31] [482/633] Processing buddy: westguys (76.15%)
[2026-02-19 10:34:31] [483/633] Processing buddy: dogtae79 (76.30%)
[2026-02-19 10:34:31] [484/633] Processing buddy: hogo0513 (76.46%)
[2026-02-19 10:34:31] [485/633] Processing buddy: ksy_0226 (76.62%)
[2026-02-19 10:34:32] [486/633] Processing buddy: listener72 (76.78%)
[2026-02-19 10:34:32] [487/633] Processing buddy: valueinvestor (76.94%)
[2026-02-19 10:34:32] [488/633] Processing buddy: caruspuer (77.09%)
[2026-02-19 10:34:32] [489/633] Processing buddy: swboom1 (77.25%)
[2026-02-19 10:34:32] [490/633] Processing buddy: muziq (77.41%)
[2026-02-19 10:34:33] [491/633] Processing buddy: nomoney_so (77.57%)
[2026-02-19 10:34:33] [492/633] Processing buddy: avarter (77.73%)
[2026-02-19 10:34:33] [493/633] Processing buddy: keumssoa (77.88%)
[2026-02-19 10:34:33] [494/633] Processing buddy: ben-akiva (78.04%)
[2026-02-19 10:34:34] [495/633] Processing buddy: cjhsonseep (78.20%)
[2026-02-19 10:34:34] [496/633] Processing buddy: tamer (78.36%)
[2026-02-19 10:34:34] [497/633] Processing buddy: rubylime (78.52%)
[2026-02-19 10:34:34] [498/633] Processing buddy: sososnow162 (78.67%)
[2026-02-19 10:34:35] [499/633] Processing buddy: inacien777 (78.83%)
[2026-02-19 10:34:35] [500/633] Processing buddy: shinhyhy (78.99%)
[2026-02-19 10:34:35] [501/633] Processing buddy: hk926219 (79.15%)
[2026-02-19 10:34:35] [502/633] Processing buddy: rrapport (79.30%)
[2026-02-19 10:34:35] [503/633] Processing buddy: tae1020 (79.46%)
[2026-02-19 10:34:36] [504/633] Processing buddy: su34576 (79.62%)
[2026-02-19 10:34:36] [505/633] Processing buddy: jkim0625 (79.78%)
[2026-02-19 10:34:36] [506/633] Processing buddy: mktgguy (79.94%)
[2026-02-19 10:34:36]   Fast-fetching: 미국 CPI 하락에 반응하여 장기채 금리 급락: 미국 재무부 TGA 증가세 둔화, 연준의 금리 인하와 SQE4-2 등 총출동하여 초단기 신용경색 봉합 수순 (2026. 2. 19.)
[2026-02-19 10:34:37] [507/633] Processing buddy: kentoo1 (80.09%)
[2026-02-19 10:34:37] [508/633] Processing buddy: shimseok12 (80.25%)
[2026-02-19 10:34:37] [509/633] Processing buddy: 2jonis2 (80.41%)
[2026-02-19 10:34:37] [510/633] Processing buddy: ehgur06 (80.57%)
[2026-02-19 10:34:37] [511/633] Processing buddy: naelgrade (80.73%)
[2026-02-19 10:34:37] [512/633] Processing buddy: rdinvest (80.88%)
[2026-02-19 10:34:38] [513/633] Processing buddy: invesor (81.04%)
[2026-02-19 10:34:38] [514/633] Processing buddy: bibimgugsu (81.20%)
[2026-02-19 10:34:38] [515/633] Processing buddy: duxtyhermes13 (81.36%)
[2026-02-19 10:34:38] [516/633] Processing buddy: qqqspyman (81.52%)
[2026-02-19 10:34:38] [517/633] Processing buddy: moonhyeon82 (81.67%)
[2026-02-19 10:34:39] [518/633] Processing buddy: hyosuby2005 (81.83%)
[2026-02-19 10:34:39] [519/633] Processing buddy: naltle27 (81.99%)
[2026-02-19 10:34:39] [520/633] Processing buddy: bhlab25 (82.15%)
[2026-02-19 10:34:39] [521/633] Processing buddy: teamoergosum (82.31%)
[2026-02-19 10:34:40] [522/633] Processing buddy: badajr (82.46%)
[2026-02-19 10:34:40] [523/633] Processing buddy: sic_11y (82.62%)
[2026-02-19 10:34:40] [524/633] Processing buddy: rhapsody11 (82.78%)
[2026-02-19 10:34:40] [525/633] Processing buddy: vanback (82.94%)
[2026-02-19 10:34:40] [526/633] Processing buddy: mutandis (83.10%)
[2026-02-19 10:34:41] [527/633] Processing buddy: gkhigh (83.25%)
[2026-02-19 10:34:41] [528/633] Processing buddy: yeux1122 (83.41%)
[2026-02-19 10:34:41]   Fast-fetching: 애플 3월2일 부터 매일 신제품 발표 예정 (2026. 2. 19.)
[2026-02-19 10:34:41] [529/633] Processing buddy: km_doit (83.57%)
[2026-02-19 10:34:41] [530/633] Processing buddy: hls2683445 (83.73%)
[2026-02-19 10:34:42] [531/633] Processing buddy: fifajw (83.89%)
[2026-02-19 10:34:42] [532/633] Processing buddy: sactac (84.04%)
[2026-02-19 10:34:42] [533/633] Processing buddy: jaden-agent (84.20%)
[2026-02-19 10:34:42] [534/633] Processing buddy: rkdakxl (84.36%)
[2026-02-19 10:34:42] [535/633] Processing buddy: tkdska3 (84.52%)
[2026-02-19 10:34:43] [536/633] Processing buddy: yc0627 (84.68%)
[2026-02-19 10:34:43] [537/633] Processing buddy: stalbert (84.83%)
[2026-02-19 10:34:43] [538/633] Processing buddy: jakieint (84.99%)
[2026-02-19 10:34:43] [539/633] Processing buddy: dufpd12 (85.15%)
[2026-02-19 10:34:44] [540/633] Processing buddy: anopi (85.31%)
[2026-02-19 10:34:44] [541/633] Processing buddy: lunasea12345 (85.47%)
[2026-02-19 10:34:44] [542/633] Processing buddy: junsa26 (85.62%)
[2026-02-19 10:34:44] [543/633] Processing buddy: victor9 (85.78%)
[2026-02-19 10:34:45] [544/633] Processing buddy: nosurprise1 (85.94%)
[2026-02-19 10:34:45] [545/633] Processing buddy: rozxwoongs (86.10%)
[2026-02-19 10:34:45] [546/633] Processing buddy: kskim2k4 (86.26%)
[2026-02-19 10:34:45] [547/633] Processing buddy: crush212121 (86.41%)
[2026-02-19 10:34:45] [548/633] Processing buddy: knpu87 (86.57%)
[2026-02-19 10:34:46] [549/633] Processing buddy: echomarket (86.73%)
[2026-02-19 10:34:46] [550/633] Processing buddy: chumy (86.89%)
[2026-02-19 10:34:46] [551/633] Processing buddy: hollis21 (87.05%)
[2026-02-19 10:34:46] [552/633] Processing buddy: doodoos_ (87.20%)
[2026-02-19 10:34:47] [553/633] Processing buddy: hsw0548 (87.36%)
[2026-02-19 10:34:47] [554/633] Processing buddy: jeunkim (87.52%)
[2026-02-19 10:34:47]   Fast-fetching: [순위] 미국 국채 최대 매입국 및 매도국 (2025년) (2026. 2. 19.)
[2026-02-19 10:34:47]   Fast-fetching: 퀼트 차트로 배우는 투자 성공의 비밀: 안정적이고 현명한 분산 투자 전략 (2026. 2. 19.)
[2026-02-19 10:34:47]   Fast-fetching: 지난 10년, 미국에서 가장 성공적인 IPO 10선 (2026. 2. 19.)
[2026-02-19 10:34:47]   Fast-fetching: 아메리칸 항공의 혁신: 40년 전 마일리지 프로그램이 만든 항공 산업의 변화 (2026. 2. 19.)
[2026-02-19 10:34:48]   Fast-fetching: S&P 500 업종별 강도 분석: 강세장 종료 신호와 하반기 전망 (2026. 2. 19.)
[2026-02-19 10:34:48]   Fast-fetching: 인기와 성과의 역설: 포춘 순위와 CEO의 함정, 그리고 시장의 비밀 (2026. 2. 19.)
[2026-02-19 10:34:48]   Fast-fetching: 워런 버핏과 캐서린 그레이엄: 신뢰와 리더십이 만든 투자와 인생의 교훈 (2026. 2. 19.)
[2026-02-19 10:34:48]   Fast-fetching: IPO 열풍이 미국 주식 시장에 미칠 영향과 제레미 그랜섬의 경고 (2026. 2. 19.)
[2026-02-19 10:34:48] [555/633] Processing buddy: ldk27 (87.68%)
[2026-02-19 10:34:49] [556/633] Processing buddy: kurtsw23 (87.84%)
[2026-02-19 10:34:49] [557/633] Processing buddy: jpilot97 (87.99%)
[2026-02-19 10:34:49] [558/633] Processing buddy: happy_wishes (88.15%)
[2026-02-19 10:34:49] [559/633] Processing buddy: dlwnsqud123 (88.31%)
[2026-02-19 10:34:49] [560/633] Processing buddy: jawvmfox (88.47%)
[2026-02-19 10:34:50] [561/633] Processing buddy: citc97 (88.63%)
[2026-02-19 10:34:50] [562/633] Processing buddy: tmdejr1267 (88.78%)
[2026-02-19 10:34:50] [563/633] Processing buddy: natufre (88.94%)
[2026-02-19 10:34:50] [564/633] Processing buddy: morgoth (89.10%)
[2026-02-19 10:34:51] [565/633] Processing buddy: sancheck2 (89.26%)
[2026-02-19 10:34:51] [566/633] Processing buddy: kmsmir04 (89.42%)
[2026-02-19 10:34:51] [567/633] Processing buddy: tony668 (89.57%)
[2026-02-19 10:34:51] [568/633] Processing buddy: luy1978 (89.73%)
[2026-02-19 10:34:51] [569/633] Processing buddy: shinook430 (89.89%)
[2026-02-19 10:34:51] [570/633] Processing buddy: firetiger580 (90.05%)
[2026-02-19 10:34:52] [571/633] Processing buddy: nasa911 (90.21%)
[2026-02-19 10:34:52] [572/633] Processing buddy: haines (90.36%)
[2026-02-19 10:34:52] [573/633] Processing buddy: kbomb2000 (90.52%)
[2026-02-19 10:34:52] [574/633] Processing buddy: hch0714 (90.68%)
[2026-02-19 10:34:52] [575/633] Processing buddy: sjjn0517 (90.84%)
[2026-02-19 10:34:53] [576/633] Processing buddy: tosoha1 (91.00%)
[2026-02-19 10:34:53] [577/633] Processing buddy: mgheroes (91.15%)
[2026-02-19 10:34:53] [578/633] Processing buddy: sayusayme71 (91.31%)
[2026-02-19 10:34:54] [579/633] Processing buddy: pcsggo (91.47%)
[2026-02-19 10:34:54] [580/633] Processing buddy: jihoon3211 (91.63%)
[2026-02-19 10:34:54] [581/633] Processing buddy: becomingmunger (91.79%)
[2026-02-19 10:34:54] [582/633] Processing buddy: rusticlife_w_growth (91.94%)
[2026-02-19 10:34:54] [583/633] Processing buddy: kyooo4444 (92.10%)
[2026-02-19 10:34:55] [584/633] Processing buddy: alswothd (92.26%)
[2026-02-19 10:34:55] [585/633] Processing buddy: daruijk (92.42%)
[2026-02-19 10:34:55] [586/633] Processing buddy: ggbbvv (92.58%)
[2026-02-19 10:34:55] [587/633] Processing buddy: brandyou (92.73%)
[2026-02-19 10:34:55] [588/633] Processing buddy: kmandu02 (92.89%)
[2026-02-19 10:34:56] [589/633] Processing buddy: yym0202 (93.05%)
[2026-02-19 10:34:56] [590/633] Processing buddy: sunstudy- (93.21%)
[2026-02-19 10:34:56] [591/633] Processing buddy: artes75 (93.36%)
[2026-02-19 10:34:56] [592/633] Processing buddy: lucas5342 (93.52%)
[2026-02-19 10:34:57] [593/633] Processing buddy: hitori9 (93.68%)
[2026-02-19 10:34:57] [594/633] Processing buddy: lionelcruz (93.84%)
[2026-02-19 10:34:57] [595/633] Processing buddy: upower (94.00%)
[2026-02-19 10:34:57] [596/633] Processing buddy: bankertofu (94.15%)
[2026-02-19 10:34:58] [597/633] Processing buddy: rladudrl78 (94.31%)
[2026-02-19 10:34:58] [598/633] Processing buddy: mailing2000 (94.47%)
[2026-02-19 10:34:58] [599/633] Processing buddy: nohwang (94.63%)
[2026-02-19 10:34:58] [600/633] Processing buddy: cybermw (94.79%)
[2026-02-19 10:34:58] Blog crawl finished (processed 120 buddies this run; range=481..600 / 633).
STATUS: BLOG_SCRAPE_FINISHED RESULT=OK SAVED=10 ERRORS=0
[2026-02-19 10:35:00] pass=4/6 attempt=1
[2026-02-19 10:35:00] List mode: HTTP-first (browser fallback=OFF)
[2026-02-19 10:35:01] [601/633] Processing buddy: ru_bryunak (94.94%)
[2026-02-19 10:35:01] [602/633] Processing buddy: pokara61 (95.10%)
[2026-02-19 10:35:01]   Fast-fetching: 셀비온 : 방사성 의악품 치료제, 결승선 가장 먼저 도착 가능성 (2026. 2. 19.)
[2026-02-19 10:35:01]   Fast-fetching: 삼성전기 : 무라타 MLCC  가격 인상 이슈로 강한 상승세 (2026. 2. 19.)
[2026-02-19 10:35:01]   Fast-fetching: 한스바이오메드 : ECM 스킨부스터 월 6만 개는 매출 800억 규모 (2026. 2. 19.)
[2026-02-19 10:35:01]   Fast-fetching: <뉴욕 증시> 국제유가 4% 상승, FOMC 금리 인하에 부정적 (2026. 2. 19.)
[2026-02-19 10:35:02] [603/633] Processing buddy: windalpha (95.26%)
[2026-02-19 10:35:02] [604/633] Processing buddy: psc1228 (95.42%)
[2026-02-19 10:35:02] [605/633] Processing buddy: prolee74 (95.58%)
[2026-02-19 10:35:02] [606/633] Processing buddy: rolleiholic (95.73%)
[2026-02-19 10:35:03] [607/633] Processing buddy: realmanreal (95.89%)
[2026-02-19 10:35:03] [608/633] Processing buddy: swcha1977 (96.05%)
[2026-02-19 10:35:03] [609/633] Processing buddy: withnesta (96.21%)
[2026-02-19 10:35:03]   Fast-fetching: 내 스터디 룸 (2026. 2. 19.)
[2026-02-19 10:35:03] [610/633] Processing buddy: skel7800 (96.37%)
[2026-02-19 10:35:04] [611/633] Processing buddy: furmea21 (96.52%)
[2026-02-19 10:35:04] [612/633] Processing buddy: truthkg2 (96.68%)
[2026-02-19 10:35:04] [613/633] Processing buddy: sungdory (96.84%)
[2026-02-19 10:35:04] [614/633] Processing buddy: eugene8998 (97.00%)
[2026-02-19 10:35:04] [615/633] Processing buddy: tks6028 (97.16%)
[2026-02-19 10:35:05] [616/633] Processing buddy: jyt4159 (97.31%)
[2026-02-19 10:35:05] [617/633] Processing buddy: sjs0330 (97.47%)
[2026-02-19 10:35:05] [618/633] Processing buddy: new10yrs (97.63%)
[2026-02-19 10:35:05] [619/633] Processing buddy: jakojako (97.79%)
[2026-02-19 10:35:06] [620/633] Processing buddy: kttoto (97.95%)
[2026-02-19 10:35:06] [621/633] Processing buddy: kinvestors (98.10%)
[2026-02-19 10:35:06]   Fast-fetching: 워뇨띠 매매전략 팁 (2026. 2. 19.)
[2026-02-19 10:35:06] [622/633] Processing buddy: koreanpartner (98.26%)
[2026-02-19 10:35:06] [623/633] Processing buddy: ezioboy (98.42%)
[2026-02-19 10:35:07] [624/633] Processing buddy: rechts (98.58%)
[2026-02-19 10:35:07] [625/633] Processing buddy: jindongyu (98.74%)
[2026-02-19 10:35:07] [626/633] Processing buddy: dominique815 (98.89%)
[2026-02-19 10:35:07] [627/633] Processing buddy: untildie44 (99.05%)
[2026-02-19 10:35:07] [628/633] Processing buddy: pause0 (99.21%)
[2026-02-19 10:35:07] [629/633] Processing buddy: tama2020 (99.37%)
[2026-02-19 10:35:08]   Fast-fetching: 다 같은 변압기 아니네…희비 엇갈린 중견기업..산일과 제룡 (2026. 2. 19.)
[2026-02-19 10:35:08]   Fast-fetching: 파미셀 두산전자 공급 공시...대금지급 조건이 저리 디테일한 건 잘 못 보던건데 ㅎ (2026. 2. 19.)
[2026-02-19 10:35:08]   Fast-fetching: 금속 시장을 이끄는 요인은 무엇입니까?_골드만삭스 (2026. 2. 19.)
[2026-02-19 10:35:08] [630/633] Processing buddy: reallio78 (99.53%)
[2026-02-19 10:35:08] [631/633] Processing buddy: hsyoonnv (99.68%)
[2026-02-19 10:35:09] [632/633] Processing buddy: galdoo113 (99.84%)
[2026-02-19 10:35:09] [633/633] Processing buddy: darksun1998 (100.00%)
[2026-02-19 10:35:09] Blog crawl finished (processed 33 buddies this run; range=601..633 / 633).
STATUS: BLOG_SCRAPE_FINISHED RESULT=OK SAVED=9 ERRORS=0
[2026-02-19 10:35:11] pass=5/6 attempt=1
[2026-02-19 10:35:11] List mode: HTTP-first (browser fallback=OFF)
[2026-02-19 10:35:11] No pending buddies in checkpoint window. Resetting checkpoint to 0.
[2026-02-19 10:35:11] [1/633] Processing buddy: ci_100 (0.16%)
[2026-02-19 10:35:11] [2/633] Processing buddy: gangnam_0208 (0.32%)
[2026-02-19 10:35:12] [3/633] Processing buddy: hwan1343 (0.47%)
[2026-02-19 10:35:12] [4/633] Processing buddy: magpie_invest (0.63%)
[2026-02-19 10:35:12] [5/633] Processing buddy: itsthend (0.79%)
[2026-02-19 10:35:12] [6/633] Processing buddy: q1772 (0.95%)
[2026-02-19 10:35:13] [7/633] Processing buddy: brett78 (1.11%)
[2026-02-19 10:35:13] [8/633] Processing buddy: jonber_man (1.26%)
[2026-02-19 10:35:13] [9/633] Processing buddy: cy2863 (1.42%)
[2026-02-19 10:35:13] [10/633] Processing buddy: doctordk (1.58%)
[2026-02-19 10:35:14] [11/633] Processing buddy: greatahn (1.74%)
[2026-02-19 10:35:14] [12/633] Processing buddy: somewhaterror (1.90%)
[2026-02-19 10:35:14] [13/633] Processing buddy: donghe83 (2.05%)
[2026-02-19 10:35:14] [14/633] Processing buddy: gaunyu (2.21%)
[2026-02-19 10:35:14] [15/633] Processing buddy: unknown-player (2.37%)
[2026-02-19 10:35:15] [16/633] Processing buddy: longtermgrowthinvest (2.53%)
[2026-02-19 10:35:15] [17/633] Processing buddy: tyutyu357 (2.69%)
[2026-02-19 10:35:15] [18/633] Processing buddy: ubermensch815 (2.84%)
[2026-02-19 10:35:15] [19/633] Processing buddy: wls0528_ (3.00%)
[2026-02-19 10:35:15] [20/633] Processing buddy: kob1805 (3.16%)
[2026-02-19 10:35:16] [21/633] Processing buddy: illther2 (3.32%)
[2026-02-19 10:35:16] [22/633] Processing buddy: kafca21 (3.48%)
[2026-02-19 10:35:16] [23/633] Processing buddy: cy0098 (3.63%)
[2026-02-19 10:35:16] [24/633] Processing buddy: kim4bu_ (3.79%)
[2026-02-19 10:35:17] [25/633] Processing buddy: jay-diary (3.95%)
[2026-02-19 10:35:17] [26/633] Processing buddy: iseethefuture (4.11%)
[2026-02-19 10:35:17] [27/633] Processing buddy: darkstork (4.27%)
[2026-02-19 10:35:17] [28/633] Processing buddy: startale- (4.42%)
[2026-02-19 10:35:18] [29/633] Processing buddy: cocopalm9419 (4.58%)
[2026-02-19 10:35:18] [30/633] Processing buddy: richandsmart (4.74%)
[2026-02-19 10:35:18] [31/633] Processing buddy: noshortcut_life (4.90%)
[2026-02-19 10:35:18] [32/633] Processing buddy: kkjsyj (5.06%)
[2026-02-19 10:35:19] [33/633] Processing buddy: pg5598 (5.21%)
[2026-02-19 10:35:19] [34/633] Processing buddy: biotech_kdi (5.37%)
[2026-02-19 10:35:19] [35/633] Processing buddy: acejji81 (5.53%)
[2026-02-19 10:35:19] [36/633] Processing buddy: icebeara27 (5.69%)
[2026-02-19 10:35:19] [37/633] Processing buddy: economy_meal (5.85%)
[2026-02-19 10:35:20] [38/633] Processing buddy: staple- (6.00%)
[2026-02-19 10:35:20] [39/633] Processing buddy: ivletters (6.16%)
[2026-02-19 10:35:20] [40/633] Processing buddy: ptm0228 (6.32%)
[2026-02-19 10:35:20] [41/633] Processing buddy: chickenstocktv (6.48%)
[2026-02-19 10:35:21] [42/633] Processing buddy: lyrainvestment (6.64%)
[2026-02-19 10:35:21] [43/633] Processing buddy: prinz0912 (6.79%)
[2026-02-19 10:35:21] [44/633] Processing buddy: hellowheesun (6.95%)
[2026-02-19 10:35:21] [45/633] Processing buddy: kimsinvest (7.11%)
[2026-02-19 10:35:21] [46/633] Processing buddy: runningwell (7.27%)
[2026-02-19 10:35:22] [47/633] Processing buddy: lucidyo (7.42%)
[2026-02-19 10:35:22] [48/633] Processing buddy: frincipia (7.58%)
[2026-02-19 10:35:22] [49/633] Processing buddy: ske4548 (7.74%)
[2026-02-19 10:35:22] [50/633] Processing buddy: iridescent_stock (7.90%)
[2026-02-19 10:35:23] [51/633] Processing buddy: hempty (8.06%)
[2026-02-19 10:35:23] [52/633] Processing buddy: briller_research (8.21%)
[2026-02-19 10:35:23] [53/633] Processing buddy: cazet1 (8.37%)
[2026-02-19 10:35:23] [54/633] Processing buddy: coutal (8.53%)
[2026-02-19 10:35:23] [55/633] Processing buddy: xkalwm4 (8.69%)
[2026-02-19 10:35:24] [56/633] Processing buddy: ansrl23 (8.85%)
[2026-02-19 10:35:24] [57/633] Processing buddy: zaino1 (9.00%)
[2026-02-19 10:35:24] [58/633] Processing buddy: kwonwhitefield (9.16%)
[2026-02-19 10:35:24] [59/633] Processing buddy: esouthsky (9.32%)
[2026-02-19 10:35:24] [60/633] Processing buddy: erdia92 (9.48%)
[2026-02-19 10:35:25] [61/633] Processing buddy: king-nera (9.64%)
[2026-02-19 10:35:25] [62/633] Processing buddy: lyw01 (9.79%)
[2026-02-19 10:35:25] [63/633] Processing buddy: kth3276 (9.95%)
[2026-02-19 10:35:25] [64/633] Processing buddy: cashcat_90 (10.11%)
[2026-02-19 10:35:25] [65/633] Processing buddy: arsjj (10.27%)
[2026-02-19 10:35:25]   Fast-fetching: 2.19 (2026. 2. 19.)
[2026-02-19 10:35:26] [66/633] Processing buddy: yes_invest (10.43%)
[2026-02-19 10:35:26] [67/633] Processing buddy: poly1575 (10.58%)
[2026-02-19 10:35:26] [68/633] Processing buddy: saladin1014 (10.74%)
[2026-02-19 10:35:27] [69/633] Processing buddy: r123k120 (10.90%)
[2026-02-19 10:35:27] [70/633] Processing buddy: silverspiri5 (11.06%)
[2026-02-19 10:35:27]   Fast-fetching: 메모리 가격 후폭풍 (2026. 2. 19.)
[2026-02-19 10:35:27] [71/633] Processing buddy: opop126 (11.22%)
[2026-02-19 10:35:27] [72/633] Processing buddy: kjysss2 (11.37%)
[2026-02-19 10:35:28] [73/633] Processing buddy: jsi4914 (11.53%)
[2026-02-19 10:35:28]   Fast-fetching: [펩트론] 애브비 25 4Q 컨콜, 월 1회를 누구보다 잘 알고있다 (2026. 2. 19.)
[2026-02-19 10:35:28] [74/633] Processing buddy: rnjs1016k (11.69%)
[2026-02-19 10:35:28] [75/633] Processing buddy: tgh1120 (11.85%)
[2026-02-19 10:35:28] [76/633] Processing buddy: goose_pb (12.01%)
[2026-02-19 10:35:29] [77/633] Processing buddy: gkdldy2004 (12.16%)
[2026-02-19 10:35:29] [78/633] Processing buddy: pqkrwls (12.32%)
[2026-02-19 10:35:29] [79/633] Processing buddy: s2ethan (12.48%)
[2026-02-19 10:35:29] [80/633] Processing buddy: uncastle0426 (12.64%)
[2026-02-19 10:35:30] [81/633] Processing buddy: sangbaei (12.80%)
[2026-02-19 10:35:30] [82/633] Processing buddy: apxk1000 (12.95%)
[2026-02-19 10:35:30] [83/633] Processing buddy: tndhrrudals1 (13.11%)
[2026-02-19 10:35:30] [84/633] Processing buddy: akirus (13.27%)
[2026-02-19 10:35:30] [85/633] Processing buddy: dmsgh32 (13.43%)
[2026-02-19 10:35:31] [86/633] Processing buddy: stocksos (13.59%)
[2026-02-19 10:35:31] [87/633] Processing buddy: papa2023- (13.74%)
[2026-02-19 10:35:31] [88/633] Processing buddy: lookingin82 (13.90%)
[2026-02-19 10:35:31] [89/633] Processing buddy: alteking (14.06%)
[2026-02-19 10:35:32] [90/633] Processing buddy: green_finance (14.22%)
[2026-02-19 10:35:32] [91/633] Processing buddy: tmikooja (14.38%)
[2026-02-19 10:35:32] [92/633] Processing buddy: kukuri923 (14.53%)
[2026-02-19 10:35:32] [93/633] Processing buddy: nicker0122 (14.69%)
[2026-02-19 10:35:33] [94/633] Processing buddy: unlimitedi (14.85%)
[2026-02-19 10:35:33] [95/633] Processing buddy: tirael (15.01%)
[2026-02-19 10:35:33] [96/633] Processing buddy: learn_to_earn (15.17%)
[2026-02-19 10:35:33] [97/633] Processing buddy: capist23 (15.32%)
[2026-02-19 10:35:34] [98/633] Processing buddy: ssupershy (15.48%)
[2026-02-19 10:35:34] [99/633] Processing buddy: gatewaypla (15.64%)
[2026-02-19 10:35:34] [100/633] Processing buddy: qowoals119 (15.80%)
[2026-02-19 10:35:34] [101/633] Processing buddy: zakarta117 (15.96%)
[2026-02-19 10:35:34] [102/633] Processing buddy: superantbaby (16.11%)
[2026-02-19 10:35:35] [103/633] Processing buddy: hyunjunserene (16.27%)
[2026-02-19 10:35:35] [104/633] Processing buddy: oak1227 (16.43%)
[2026-02-19 10:35:35] [105/633] Processing buddy: long_sight (16.59%)
[2026-02-19 10:35:35] [106/633] Processing buddy: jun0042000 (16.75%)
[2026-02-19 10:35:35] [107/633] Processing buddy: lidoresearch (16.90%)
[2026-02-19 10:35:36] [108/633] Processing buddy: daemos2 (17.06%)
[2026-02-19 10:35:36] [109/633] Processing buddy: cowboy-2004 (17.22%)
[2026-02-19 10:35:36] [110/633] Processing buddy: georgechae (17.38%)
[2026-02-19 10:35:36] [111/633] Processing buddy: forhuni_ (17.54%)
[2026-02-19 10:35:36] [112/633] Processing buddy: stocktrip- (17.69%)
[2026-02-19 10:35:37] [113/633] Processing buddy: dragonsoaring (17.85%)
[2026-02-19 10:35:37] [114/633] Processing buddy: onejejuwave (18.01%)
[2026-02-19 10:35:37] [115/633] Processing buddy: flowerinsnow_23 (18.17%)
[2026-02-19 10:35:37] [116/633] Processing buddy: the-5-element (18.33%)
[2026-02-19 10:35:38] [117/633] Processing buddy: oonglog (18.48%)
[2026-02-19 10:35:38] [118/633] Processing buddy: copy911 (18.64%)
[2026-02-19 10:35:38] [119/633] Processing buddy: mentalist_999 (18.80%)
[2026-02-19 10:35:38] [120/633] Processing buddy: doreamer (18.96%)
[2026-02-19 10:35:38] Blog crawl finished (processed 120 buddies this run; range=1..120 / 633).
STATUS: BLOG_SCRAPE_FINISHED RESULT=OK SAVED=3 ERRORS=0
[2026-02-19 10:35:40] pass=6/6 attempt=1
[2026-02-19 10:35:40] List mode: HTTP-first (browser fallback=OFF)
[2026-02-19 10:35:40] [121/633] Processing buddy: goharder (19.12%)
[2026-02-19 10:35:41] [122/633] Processing buddy: omoplata_31 (19.27%)
[2026-02-19 10:35:41] [123/633] Processing buddy: insertkn (19.43%)
[2026-02-19 10:35:41] [124/633] Processing buddy: butterfly_asset (19.59%)
[2026-02-19 10:35:41] [125/633] Processing buddy: invesqueeze (19.75%)
[2026-02-19 10:35:41] [126/633] Processing buddy: tbzka3 (19.91%)
[2026-02-19 10:35:42] [127/633] Processing buddy: laimcho (20.06%)
[2026-02-19 10:35:42] [128/633] Processing buddy: kp_soonhwan (20.22%)
[2026-02-19 10:35:42] [129/633] Processing buddy: omniknight41 (20.38%)
[2026-02-19 10:35:42] [130/633] Processing buddy: cart10101 (20.54%)
[2026-02-19 10:35:43] [131/633] Processing buddy: seeme_twice (20.70%)
[2026-02-19 10:35:43] [132/633] Processing buddy: dpwl111111 (20.85%)
[2026-02-19 10:35:43] [133/633] Processing buddy: gkfn-whddlf (21.01%)
[2026-02-19 10:35:43] [134/633] Processing buddy: foreconomy (21.17%)
[2026-02-19 10:35:43] [135/633] Processing buddy: seungji5182 (21.33%)
[2026-02-19 10:35:44] [136/633] Processing buddy: ryankim1106 (21.48%)
[2026-02-19 10:35:44] [137/633] Processing buddy: dkim0210 (21.64%)
[2026-02-19 10:35:44] [138/633] Processing buddy: hhhhnk (21.80%)
[2026-02-19 10:35:44] [139/633] Processing buddy: capitalistway (21.96%)
[2026-02-19 10:35:44] [140/633] Processing buddy: hismail38 (22.12%)
[2026-02-19 10:35:44] [141/633] Processing buddy: khiro38 (22.27%)
[2026-02-19 10:35:45] [142/633] Processing buddy: ad2021 (22.43%)
[2026-02-19 10:35:45] [143/633] Processing buddy: dag0nrider (22.59%)
[2026-02-19 10:35:45] [144/633] Processing buddy: pangpangteri (22.75%)
[2026-02-19 10:35:45] [145/633] Processing buddy: hyy4467 (22.91%)
[2026-02-19 10:35:45] [146/633] Processing buddy: better_haru (23.06%)
[2026-02-19 10:35:46] [147/633] Processing buddy: searosea (23.22%)
[2026-02-19 10:35:46] [148/633] Processing buddy: gipsy99 (23.38%)
[2026-02-19 10:35:46] [149/633] Processing buddy: wjdrjstjr21 (23.54%)
[2026-02-19 10:35:46] [150/633] Processing buddy: sazuha (23.70%)
[2026-02-19 10:35:46] [151/633] Processing buddy: dishwasher24 (23.85%)
[2026-02-19 10:35:47] [152/633] Processing buddy: realtyincome___ (24.01%)
[2026-02-19 10:35:47] [153/633] Processing buddy: god73187318 (24.17%)
[2026-02-19 10:35:47] [154/633] Processing buddy: mrrezzo (24.33%)
[2026-02-19 10:35:47] [155/633] Processing buddy: alon_korea (24.49%)
[2026-02-19 10:35:48] [156/633] Processing buddy: zjasptnayo (24.64%)
[2026-02-19 10:35:48] [157/633] Processing buddy: gusgh4497 (24.80%)
[2026-02-19 10:35:48] [158/633] Processing buddy: twkim517 (24.96%)
[2026-02-19 10:35:48] [159/633] Processing buddy: pivotinve (25.12%)
[2026-02-19 10:35:48] [160/633] Processing buddy: v013579 (25.28%)
[2026-02-19 10:35:49] [161/633] Processing buddy: ranto28 (25.43%)
[2026-02-19 10:35:49] [162/633] Processing buddy: m_uniq (25.59%)
[2026-02-19 10:35:49] [163/633] Processing buddy: investing1004 (25.75%)
[2026-02-19 10:35:49] [164/633] Processing buddy: mc_nemesis (25.91%)
[2026-02-19 10:35:50] [165/633] Processing buddy: sangsang---- (26.07%)
[2026-02-19 10:35:50] [166/633] Processing buddy: lepain- (26.22%)
[2026-02-19 10:35:50] [167/633] Processing buddy: shinyforfifty (26.38%)
[2026-02-19 10:35:50] [168/633] Processing buddy: love392722 (26.54%)
[2026-02-19 10:35:50] [169/633] Processing buddy: jh54552 (26.70%)
[2026-02-19 10:35:51] [170/633] Processing buddy: dvc90 (26.86%)
[2026-02-19 10:35:51] [171/633] Processing buddy: onroori (27.01%)
[2026-02-19 10:35:51] [172/633] Processing buddy: yminsong (27.17%)
[2026-02-19 10:35:51] [173/633] Processing buddy: dashno (27.33%)
[2026-02-19 10:35:52] [174/633] Processing buddy: jhpark0680 (27.49%)
[2026-02-19 10:35:52] [175/633] Processing buddy: mgh34 (27.65%)
[2026-02-19 10:35:52] [176/633] Processing buddy: undal (27.80%)
[2026-02-19 10:35:52] [177/633] Processing buddy: hearchoi (27.96%)
[2026-02-19 10:35:52] [178/633] Processing buddy: creation88 (28.12%)
[2026-02-19 10:35:53] [179/633] Processing buddy: kjg0012 (28.28%)
[2026-02-19 10:35:53] [180/633] Processing buddy: flovestan (28.44%)
[2026-02-19 10:35:53] [181/633] Processing buddy: lhd1371 (28.59%)
[2026-02-19 10:35:53] [182/633] Processing buddy: junwithanalysis (28.75%)
[2026-02-19 10:35:53] [183/633] Processing buddy: lqmania (28.91%)
[2026-02-19 10:35:53] [184/633] Processing buddy: triple___m (29.07%)
[2026-02-19 10:35:54] [185/633] Processing buddy: drghkim (29.23%)
[2026-02-19 10:35:54] [186/633] Processing buddy: ryan (29.38%)
[2026-02-19 10:35:54] [187/633] Processing buddy: tiger_94 (29.54%)
[2026-02-19 10:35:54] [188/633] Processing buddy: jjangee1 (29.70%)
[2026-02-19 10:35:54] [189/633] Processing buddy: sommer4023 (29.86%)
[2026-02-19 10:35:55] [190/633] Processing buddy: a_day_to_walk (30.02%)
[2026-02-19 10:35:55] [191/633] Processing buddy: skwwkd1 (30.17%)
[2026-02-19 10:35:55] [192/633] Processing buddy: ehdgus0wkd (30.33%)
[2026-02-19 10:35:55] [193/633] Processing buddy: incomplete2030 (30.49%)
[2026-02-19 10:35:55] [194/633] Processing buddy: goziptoe (30.65%)
[2026-02-19 10:35:56] [195/633] Processing buddy: tlsdnwls0511 (30.81%)
[2026-02-19 10:35:56] [196/633] Processing buddy: tenbagger10x (30.96%)
[2026-02-19 10:35:56] [197/633] Processing buddy: nurisd (31.12%)
[2026-02-19 10:35:56] [198/633] Processing buddy: centum_tiger (31.28%)
[2026-02-19 10:35:57] [199/633] Processing buddy: ks200331022 (31.44%)
[2026-02-19 10:35:57] [200/633] Processing buddy: are_potato (31.60%)
[2026-02-19 10:35:57] [201/633] Processing buddy: ydhdl (31.75%)
[2026-02-19 10:35:57] [202/633] Processing buddy: rhrrnak1 (31.91%)
[2026-02-19 10:35:57] [203/633] Processing buddy: dbsgus2012 (32.07%)
[2026-02-19 10:35:58] [204/633] Processing buddy: postnietzsch (32.23%)
[2026-02-19 10:35:58] [205/633] Processing buddy: zarido (32.39%)
[2026-02-19 10:35:58] [206/633] Processing buddy: dnjsrlid (32.54%)
[2026-02-19 10:35:58] [207/633] Processing buddy: exfeelman2 (32.70%)
[2026-02-19 10:35:59] [208/633] Processing buddy: notfreedom (32.86%)
[2026-02-19 10:35:59] [209/633] Processing buddy: sbobin (33.02%)
[2026-02-19 10:35:59] [210/633] Processing buddy: 87_investant (33.18%)
[2026-02-19 10:35:59] [211/633] Processing buddy: onion_asset (33.33%)
[2026-02-19 10:35:59] [212/633] Processing buddy: future100k (33.49%)
[2026-02-19 10:36:00] [213/633] Processing buddy: danechoi93 (33.65%)
[2026-02-19 10:36:00] [214/633] Processing buddy: nedned (33.81%)
[2026-02-19 10:36:00] [215/633] Processing buddy: joongboonmeo (33.97%)
[2026-02-19 10:36:00] [216/633] Processing buddy: hitter27 (34.12%)
[2026-02-19 10:36:00] [217/633] Processing buddy: s103800 (34.28%)
[2026-02-19 10:36:01] [218/633] Processing buddy: tjdgus_sk (34.44%)
[2026-02-19 10:36:01] [219/633] Processing buddy: freelufang (34.60%)
[2026-02-19 10:36:01] [220/633] Processing buddy: year100_200 (34.76%)
[2026-02-19 10:36:02] [221/633] Processing buddy: mjh809 (34.91%)
[2026-02-19 10:36:02] [222/633] Processing buddy: ojh3525 (35.07%)
[2026-02-19 10:36:02] [223/633] Processing buddy: kyoung_bum (35.23%)
[2026-02-19 10:36:02] [224/633] Processing buddy: ikwjjang1 (35.39%)
[2026-02-19 10:36:02] [225/633] Processing buddy: dkanchup (35.55%)
[2026-02-19 10:36:02] [226/633] Processing buddy: jeesuwon (35.70%)
[2026-02-19 10:36:03] [227/633] Processing buddy: hankangking (35.86%)
[2026-02-19 10:36:03] [228/633] Processing buddy: assistant-m (36.02%)
[2026-02-19 10:36:03] [229/633] Processing buddy: luckyguydb (36.18%)
[2026-02-19 10:36:03] [230/633] Processing buddy: tatzu1 (36.33%)
[2026-02-19 10:36:04] [231/633] Processing buddy: 8seagull8 (36.49%)
[2026-02-19 10:36:04] [232/633] Processing buddy: psychojo26 (36.65%)
[2026-02-19 10:36:04] [233/633] Processing buddy: complex7774 (36.81%)
[2026-02-19 10:36:04] [234/633] Processing buddy: wjsbduwi1873 (36.97%)
[2026-02-19 10:36:04] [235/633] Processing buddy: trizkee (37.12%)
[2026-02-19 10:36:05] [236/633] Processing buddy: sharp40 (37.28%)
[2026-02-19 10:36:05] [237/633] Processing buddy: badahuni (37.44%)
[2026-02-19 10:36:05] [238/633] Processing buddy: yfgh2001 (37.60%)
[2026-02-19 10:36:05] [239/633] Processing buddy: groom_ym (37.76%)
[2026-02-19 10:36:06] [240/633] Processing buddy: sardinism (37.91%)
[2026-02-19 10:36:06] Blog crawl finished (processed 120 buddies this run; range=121..240 / 633).
STATUS: BLOG_SCRAPE_FINISHED RESULT=OK SAVED=0 ERRORS=0
[2026-02-19 10:36:08] Blog backfill end
