[2026-02-19 10:33:30] DART backfill start
[2026-02-19 10:33:30] [1/52] DART 20161101~20161130 attempt=1
DART request window: 20161101 ~ 20161130
DART page 1/148 rows=100 total_count=14754
DART page 10/148 acc_rows=1000
DART page 20/148 acc_rows=2000
DART page 30/148 acc_rows=3000
DART page 40/148 acc_rows=4000
DART page 50/148 acc_rows=5000
DART page 60/148 acc_rows=6000
DART page 70/148 acc_rows=7000
DART page 80/148 acc_rows=8000
DART page 90/148 acc_rows=9000
DART page 100/148 acc_rows=10000
DART page 110/148 acc_rows=11000
DART page 120/148 acc_rows=12000
DART page 130/148 acc_rows=13000
DART page 140/148 acc_rows=14000
DART page 148/148 acc_rows=14754
Saved DART disclosures: 14754 rows -> invest/data/raw/kr/dart/dart_list_20260219_103434.csv
[2026-02-19 10:34:35] [2/52] DART 20161201~20161231 attempt=1
DART request window: 20161201 ~ 20161231
DART page 1/130 rows=100 total_count=12908
DART page 10/130 acc_rows=1000
DART page 20/130 acc_rows=2000
DART page 30/130 acc_rows=3000
DART page 40/130 acc_rows=4000
DART page 50/130 acc_rows=5000
DART page 60/130 acc_rows=6000
DART page 70/130 acc_rows=7000
DART page 80/130 acc_rows=8000
DART page 90/130 acc_rows=9000
DART page 100/130 acc_rows=10000
DART page 110/130 acc_rows=11000
DART page 120/130 acc_rows=12000
DART page 130/130 acc_rows=12908
Saved DART disclosures: 12908 rows -> invest/data/raw/kr/dart/dart_list_20260219_103527.csv
[2026-02-19 10:35:28] [3/52] DART 20170201~20170228 attempt=1
DART request window: 20170201 ~ 20170228
DART page 1/157 rows=100 total_count=15699
DART page 10/157 acc_rows=1000
DART page 20/157 acc_rows=2000
DART page 30/157 acc_rows=3000
DART page 40/157 acc_rows=4000
DART page 50/157 acc_rows=5000
DART page 60/157 acc_rows=6000
DART page 70/157 acc_rows=7000
DART page 80/157 acc_rows=8000
DART page 90/157 acc_rows=9000
DART page 100/157 acc_rows=10000
DART page 110/157 acc_rows=11000
DART page 120/157 acc_rows=12000
DART page 130/157 acc_rows=13000
DART page 140/157 acc_rows=14000
DART page 150/157 acc_rows=15000
DART page 157/157 acc_rows=15699
Saved DART disclosures: 15699 rows -> invest/data/raw/kr/dart/dart_list_20260219_103640.csv
[2026-02-19 10:36:41] [4/52] DART 20170301~20170331 attempt=1
DART request window: 20170301 ~ 20170331
DART page 1/315 rows=100 total_count=31491
DART page 10/315 acc_rows=1000
DART page 20/315 acc_rows=2000
DART page 30/315 acc_rows=3000
DART page 40/315 acc_rows=4000
DART page 50/315 acc_rows=5000
DART page 60/315 acc_rows=6000
DART page 70/315 acc_rows=7000
DART page 80/315 acc_rows=8000
DART page 90/315 acc_rows=9000
DART page 100/315 acc_rows=10000
DART page 110/315 acc_rows=11000
DART page 120/315 acc_rows=12000
DART page 130/315 acc_rows=13000
DART page 140/315 acc_rows=14000
DART page 150/315 acc_rows=15000
DART page 160/315 acc_rows=16000
DART page 170/315 acc_rows=17000
DART page 180/315 acc_rows=18000
DART page 190/315 acc_rows=19000
DART page 200/315 acc_rows=20000
DART page 210/315 acc_rows=21000
DART page 220/315 acc_rows=22000
DART page 230/315 acc_rows=23000
DART page 240/315 acc_rows=24000
DART page 250/315 acc_rows=25000
DART page 260/315 acc_rows=26000
DART page 270/315 acc_rows=27000
DART page 280/315 acc_rows=28000
DART page 290/315 acc_rows=29000
DART page 300/315 acc_rows=30000
DART page 310/315 acc_rows=31000
DART page 315/315 acc_rows=31491
Saved DART disclosures: 31491 rows -> invest/data/raw/kr/dart/dart_list_20260219_104059.csv
[2026-02-19 10:41:00] [5/52] DART 20170401~20170430 attempt=1
DART request window: 20170401 ~ 20170430
DART page 1/315 rows=100 total_count=31464
DART page 10/315 acc_rows=1000
DART page 20/315 acc_rows=2000
DART page 30/315 acc_rows=3000
DART page 40/315 acc_rows=4000
DART page 50/315 acc_rows=5000
DART page 60/315 acc_rows=6000
DART page 70/315 acc_rows=7000
DART page 80/315 acc_rows=8000
DART page 90/315 acc_rows=9000
DART page 100/315 acc_rows=10000
DART page 110/315 acc_rows=11000
DART page 120/315 acc_rows=12000
DART page 130/315 acc_rows=13000
DART page 140/315 acc_rows=14000
DART page 150/315 acc_rows=15000
DART page 160/315 acc_rows=16000
DART page 170/315 acc_rows=17000
DART page 180/315 acc_rows=18000
DART page 190/315 acc_rows=19000
DART page 200/315 acc_rows=20000
DART page 210/315 acc_rows=21000
DART page 220/315 acc_rows=22000
DART page 230/315 acc_rows=23000
DART page 240/315 acc_rows=24000
DART page 250/315 acc_rows=25000
DART page 260/315 acc_rows=26000
DART page 270/315 acc_rows=27000
DART page 280/315 acc_rows=28000
DART page 290/315 acc_rows=29000
DART page 300/315 acc_rows=30000
DART page 310/315 acc_rows=31000
DART page 315/315 acc_rows=31464
Saved DART disclosures: 31464 rows -> invest/data/raw/kr/dart/dart_list_20260219_104513.csv
[2026-02-19 10:45:14] [6/52] DART 20170501~20170531 attempt=1
DART request window: 20170501 ~ 20170531
DART page 1/151 rows=100 total_count=15093
DART page 10/151 acc_rows=1000
DART page 20/151 acc_rows=2000
DART page 30/151 acc_rows=3000
DART page 40/151 acc_rows=4000
DART page 50/151 acc_rows=5000
DART page 60/151 acc_rows=6000
DART page 70/151 acc_rows=7000
DART page 80/151 acc_rows=8000
DART page 90/151 acc_rows=9000
DART page 100/151 acc_rows=10000
DART page 110/151 acc_rows=11000
DART page 120/151 acc_rows=12000
DART page 130/151 acc_rows=13000
DART page 140/151 acc_rows=14000
DART page 150/151 acc_rows=15000
DART page 151/151 acc_rows=15093
Saved DART disclosures: 15093 rows -> invest/data/raw/kr/dart/dart_list_20260219_104626.csv
[2026-02-19 10:46:27] [7/52] DART 20170601~20170630 attempt=1
DART request window: 20170601 ~ 20170630
DART page 1/110 rows=100 total_count=10942
DART page 10/110 acc_rows=1000
DART page 20/110 acc_rows=2000
DART page 30/110 acc_rows=3000
DART page 40/110 acc_rows=4000
DART page 50/110 acc_rows=5000
DART page 60/110 acc_rows=6000
DART page 70/110 acc_rows=7000
DART page 80/110 acc_rows=8000
DART page 90/110 acc_rows=9000
DART page 100/110 acc_rows=10000
DART page 110/110 acc_rows=10942
Saved DART disclosures: 10942 rows -> invest/data/raw/kr/dart/dart_list_20260219_104706.csv
[2026-02-19 10:47:07] [8/52] DART 20170701~20170731 attempt=1
DART request window: 20170701 ~ 20170731
DART page 1/116 rows=100 total_count=11566
DART page 10/116 acc_rows=1000
DART page 20/116 acc_rows=2000
DART page 30/116 acc_rows=3000
DART page 40/116 acc_rows=4000
DART page 50/116 acc_rows=5000
DART page 60/116 acc_rows=6000
DART page 70/116 acc_rows=7000
DART page 80/116 acc_rows=8000
DART page 90/116 acc_rows=9000
DART page 100/116 acc_rows=10000
DART page 110/116 acc_rows=11000
DART page 116/116 acc_rows=11566
Saved DART disclosures: 11566 rows -> invest/data/raw/kr/dart/dart_list_20260219_104750.csv
[2026-02-19 10:47:51] [9/52] DART 20170801~20170831 attempt=1
DART request window: 20170801 ~ 20170831
DART page 1/149 rows=100 total_count=14829
DART page 10/149 acc_rows=1000
DART page 20/149 acc_rows=2000
DART page 30/149 acc_rows=3000
DART page 40/149 acc_rows=4000
DART page 50/149 acc_rows=5000
DART page 60/149 acc_rows=6000
DART page 70/149 acc_rows=7000
DART page 80/149 acc_rows=8000
DART page 90/149 acc_rows=9000
DART page 100/149 acc_rows=10000
DART page 110/149 acc_rows=11000
DART page 120/149 acc_rows=12000
DART page 130/149 acc_rows=13000
DART page 140/149 acc_rows=14000
DART page 149/149 acc_rows=14829
Saved DART disclosures: 14829 rows -> invest/data/raw/kr/dart/dart_list_20260219_104857.csv
[2026-02-19 10:48:58] [10/52] DART 20170901~20170930 attempt=1
DART request window: 20170901 ~ 20170930
DART page 1/119 rows=100 total_count=11856
DART page 10/119 acc_rows=1000
DART page 20/119 acc_rows=2000
DART page 30/119 acc_rows=3000
DART page 40/119 acc_rows=4000
DART page 50/119 acc_rows=5000
DART page 60/119 acc_rows=6000
DART page 70/119 acc_rows=7000
DART page 80/119 acc_rows=8000
DART page 90/119 acc_rows=9000
DART page 100/119 acc_rows=10000
DART page 110/119 acc_rows=11000
DART page 119/119 acc_rows=11856
Saved DART disclosures: 11856 rows -> invest/data/raw/kr/dart/dart_list_20260219_104943.csv
[2026-02-19 10:49:44] [11/52] DART 20171001~20171031 attempt=1
DART request window: 20171001 ~ 20171031
DART page 1/97 rows=100 total_count=9641
DART page 10/97 acc_rows=1000
DART page 20/97 acc_rows=2000
DART page 30/97 acc_rows=3000
DART page 40/97 acc_rows=4000
DART page 50/97 acc_rows=5000
DART page 60/97 acc_rows=6000
DART page 70/97 acc_rows=7000
DART page 80/97 acc_rows=8000
DART page 90/97 acc_rows=9000
DART page 97/97 acc_rows=9641
Saved DART disclosures: 9641 rows -> invest/data/raw/kr/dart/dart_list_20260219_105016.csv
[2026-02-19 10:50:18] [12/52] DART 20171101~20171130 attempt=1
DART request window: 20171101 ~ 20171130
DART page 1/172 rows=100 total_count=17155
DART page 10/172 acc_rows=1000
DART page 20/172 acc_rows=2000
DART page 30/172 acc_rows=3000
DART page 40/172 acc_rows=4000
DART page 50/172 acc_rows=5000
DART page 60/172 acc_rows=6000
DART page 70/172 acc_rows=7000
DART page 80/172 acc_rows=8000
DART page 90/172 acc_rows=9000
DART page 100/172 acc_rows=10000
DART page 110/172 acc_rows=11000
DART page 120/172 acc_rows=12000
DART page 130/172 acc_rows=13000
DART page 140/172 acc_rows=14000
DART page 150/172 acc_rows=15000
DART page 160/172 acc_rows=16000
DART page 170/172 acc_rows=17000
DART page 172/172 acc_rows=17155
Saved DART disclosures: 17155 rows -> invest/data/raw/kr/dart/dart_list_20260219_105144.csv
[2026-02-19 10:51:45] [13/52] DART 20171201~20171231 attempt=1
DART request window: 20171201 ~ 20171231
DART page 1/158 rows=100 total_count=15794
DART page 10/158 acc_rows=1000
DART page 20/158 acc_rows=2000
DART page 30/158 acc_rows=3000
DART page 40/158 acc_rows=4000
DART page 50/158 acc_rows=5000
DART page 60/158 acc_rows=6000
DART page 70/158 acc_rows=7000
DART page 80/158 acc_rows=8000
DART page 90/158 acc_rows=9000
DART page 100/158 acc_rows=10000
DART page 110/158 acc_rows=11000
DART page 120/158 acc_rows=12000
DART page 130/158 acc_rows=13000
DART page 140/158 acc_rows=14000
DART page 150/158 acc_rows=15000
DART page 158/158 acc_rows=15794
Saved DART disclosures: 15794 rows -> invest/data/raw/kr/dart/dart_list_20260219_105259.csv
[2026-02-19 10:53:00] [14/52] DART 20180101~20180131 attempt=1
DART request window: 20180101 ~ 20180131
DART page 1/134 rows=100 total_count=13390
DART page 10/134 acc_rows=1000
DART page 20/134 acc_rows=2000
DART page 30/134 acc_rows=3000
DART page 40/134 acc_rows=4000
DART page 50/134 acc_rows=5000
DART page 60/134 acc_rows=6000
DART page 70/134 acc_rows=7000
DART page 80/134 acc_rows=8000
DART page 90/134 acc_rows=9000
DART page 100/134 acc_rows=10000
DART page 110/134 acc_rows=11000
DART page 120/134 acc_rows=12000
DART page 130/134 acc_rows=13000
DART page 134/134 acc_rows=13390
Saved DART disclosures: 13390 rows -> invest/data/raw/kr/dart/dart_list_20260219_105357.csv
[2026-02-19 10:53:58] [15/52] DART 20180201~20180228 attempt=1
DART request window: 20180201 ~ 20180228
DART page 1/172 rows=100 total_count=17171
DART page 10/172 acc_rows=1000
DART page 20/172 acc_rows=2000
DART page 30/172 acc_rows=3000
DART page 40/172 acc_rows=4000
DART page 50/172 acc_rows=5000
DART page 60/172 acc_rows=6000
DART page 70/172 acc_rows=7000
DART page 80/172 acc_rows=8000
DART page 90/172 acc_rows=9000
DART page 100/172 acc_rows=10000
DART page 110/172 acc_rows=11000
DART page 120/172 acc_rows=12000
DART page 130/172 acc_rows=13000
DART page 140/172 acc_rows=14000
DART page 150/172 acc_rows=15000
DART page 160/172 acc_rows=16000
DART page 170/172 acc_rows=17000
DART page 172/172 acc_rows=17171
Saved DART disclosures: 17171 rows -> invest/data/raw/kr/dart/dart_list_20260219_105523.csv
[2026-02-19 10:55:24] [16/52] DART 20180301~20180331 attempt=1
DART request window: 20180301 ~ 20180331
DART page 1/305 rows=100 total_count=30496
DART page 10/305 acc_rows=1000
DART page 20/305 acc_rows=2000
DART page 30/305 acc_rows=3000
DART page 40/305 acc_rows=4000
DART page 50/305 acc_rows=5000
DART page 60/305 acc_rows=6000
DART page 70/305 acc_rows=7000
DART page 80/305 acc_rows=8000
DART page 90/305 acc_rows=9000
DART page 100/305 acc_rows=10000
DART page 110/305 acc_rows=11000
DART page 120/305 acc_rows=12000
DART page 130/305 acc_rows=13000
DART page 140/305 acc_rows=14000
DART page 150/305 acc_rows=15000
DART page 160/305 acc_rows=16000
DART page 170/305 acc_rows=17000
DART page 180/305 acc_rows=18000
DART page 190/305 acc_rows=19000
DART page 200/305 acc_rows=20000
DART page 210/305 acc_rows=21000
DART page 220/305 acc_rows=22000
DART page 230/305 acc_rows=23000
DART page 240/305 acc_rows=24000
DART page 250/305 acc_rows=25000
DART page 260/305 acc_rows=26000
DART page 270/305 acc_rows=27000
DART page 280/305 acc_rows=28000
DART page 290/305 acc_rows=29000
DART page 300/305 acc_rows=30000
DART page 305/305 acc_rows=30496
Saved DART disclosures: 30496 rows -> invest/data/raw/kr/dart/dart_list_20260219_105934.csv
[2026-02-19 10:59:35] [17/52] DART 20180401~20180430 attempt=1
