{
  "status": "ok",
  "version": "v3_11_kr",
  "adopted_round": "r02_qh_tune",
  "backup_round": "r03_qh_tune",
  "numeric_locked_return": 40.08658392425643,
  "numeric_guard_floor": 38.08225472804361,
  "numeric_guard_pass": true,
  "qualitative_return": 6.033227472401938,
  "hybrid_return": 4.701117098206695,
  "baseline_internal_best_id": "numeric",
  "baseline_internal_best_return": 40.08658392425643,
  "internal_3000_gate_pass": "pass",
  "numeric_only_auto_select_block": "pass",
  "stage06_entry_gate_by_stage05": "eligible",
  "stage06_executed_in_this_round": false,
  "distribution_best_to_second": 6.644301760704694,
  "one_sided_skew_flag": true,
  "output": "invest/results/validated/stage05_baselines_v3_11_kr.json"
}
