{
  "status": "ok",
  "version": "v3_18_kr",
  "repeat_counter_start": 19,
  "repeat_counter_final": 24,
  "stop_reason": "MAX_REPEAT_REACHED_REDESIGN",
  "final_decision": "REDESIGN",
  "official_scope": "effective_window",
  "numeric_return_official": -0.02298171122008741,
  "qualitative_return_official": 0.574781094575209,
  "hybrid_return_official": 1.602989440976712,
  "numeric_return_full": 0.5362779998480283,
  "qualitative_return_full": 1.3740058104962696,
  "hybrid_return_full": 0.8350144451913872,
  "non_numeric_top_valid": false,
  "gate1_pass": false,
  "gate2_pass": true,
  "gate3_pass": false,
  "gate4_pass": false,
  "high_density_advantage_pass": true,
  "output": "invest/results/validated/stage05_baselines_v3_18_kr.json"
}
{
  "status": "ok",
  "version": "v3_18_kr",
  "repeat_counter_start": 25,
  "repeat_counter_final": 28,
  "stop_reason": "MAX_REPEAT_REACHED_REDESIGN",
  "final_decision": "REDESIGN",
  "official_scope": "effective_window",
  "numeric_return_official": 0.029924335091896292,
  "qualitative_return_official": 0.574781094575209,
  "hybrid_return_official": 2.07329757436867,
  "numeric_return_full": 0.5721699924223436,
  "qualitative_return_full": 1.3740058104962696,
  "hybrid_return_full": 1.1969065355368014,
  "non_numeric_top_valid": false,
  "gate1_pass": true,
  "gate2_pass": true,
  "gate3_pass": false,
  "gate4_pass": true,
  "high_density_advantage_pass": false,
  "output": "invest/results/validated/stage05_baselines_v3_18_kr.json"
}
{
  "status": "ok",
  "version": "v3_18_kr",
  "repeat_counter_start": 29,
  "repeat_counter_final": 30,
  "stop_reason": "MAX_REPEAT_REACHED_REDESIGN",
  "final_decision": "REDESIGN",
  "official_scope": "effective_window",
  "numeric_return_official": -0.02298171122008741,
  "qualitative_return_official": 0.574781094575209,
  "hybrid_return_official": 2.078501498056265,
  "numeric_return_full": 0.5362779998480283,
  "qualitative_return_full": 1.3740058104962696,
  "hybrid_return_full": 1.1740567183621766,
  "non_numeric_top_valid": false,
  "gate1_pass": true,
  "gate2_pass": true,
  "gate3_pass": false,
  "gate4_pass": true,
  "high_density_advantage_pass": true,
  "output": "invest/results/validated/stage05_baselines_v3_18_kr.json"
}
{
  "status": "ok",
  "version": "v3_18_kr",
  "repeat_counter_start": 31,
  "repeat_counter_final": 32,
  "stop_reason": "MAX_REPEAT_REACHED_REDESIGN",
  "final_decision": "REDESIGN",
  "official_scope": "effective_window",
  "numeric_return_official": 0.034993716786759554,
  "qualitative_return_official": 0.574781094575209,
  "hybrid_return_official": 2.39534881179242,
  "numeric_return_full": 0.5619563980916991,
  "qualitative_return_full": 1.3740058104962696,
  "hybrid_return_full": 1.8095532842640187,
  "non_numeric_top_valid": false,
  "gate1_pass": true,
  "gate2_pass": true,
  "gate3_pass": true,
  "gate4_pass": true,
  "high_density_advantage_pass": false,
  "output": "invest/results/validated/stage05_baselines_v3_18_kr.json"
}
{
  "status": "ok",
  "version": "v3_18_kr",
  "repeat_counter_start": 33,
  "repeat_counter_final": 34,
  "stop_reason": "NON_NUMERIC_TOP_CONFIRMED_WITH_OVERFIT_GUARDS",
  "final_decision": "ADOPT",
  "official_scope": "effective_window",
  "numeric_return_official": -0.013025703999327676,
  "qualitative_return_official": 0.574781094575209,
  "hybrid_return_official": 2.078501498056265,
  "numeric_return_full": 0.5511327499100378,
  "qualitative_return_full": 1.3740058104962696,
  "hybrid_return_full": 1.1740567183621766,
  "non_numeric_top_valid": true,
  "gate1_pass": true,
  "gate2_pass": true,
  "gate3_pass": true,
  "gate4_pass": true,
  "high_density_advantage_pass": true,
  "output": "invest/results/validated/stage05_baselines_v3_18_kr.json"
}
