{
  "generated_at": "2026-02-19T14:13:57",
  "version": "v3_21_kr",
  "incremental_run": {
    "mode": "incremental",
    "reused_internal_models": 9,
    "new_external_models": 3,
    "recomputed_internal_models": 0,
    "base9_source": "invest/results/validated/stage05_baselines_3x3_v3_9_kr.json",
    "base9_models_hash": "8d10c9e520f599972cd0fd9f4414763c4daf64994c63d2a8c6bf0333182df352",
    "external_specs": [
      {
        "model_id": "external_pretrained_e1_anchor",
        "track": "external-pretrained",
        "score_model": "external_proxy",
        "changed_params": {},
        "why": "기성 프록시 앵커(기준형)",
        "expected_risk": "상승 추세 후행 반응 가능"
      },
      {
        "model_id": "external_pretrained_e2_turnaround_fast",
        "track": "external-pretrained",
        "score_model": "external_proxy",
        "changed_params": {
          "ret_short": 8,
          "trend_fast": 6,
          "trend_slow": 28
        },
        "why": "턴어라운드 초입 민감도 강화(단기 반응형)",
        "expected_risk": "횡보/노이즈 구간 과민 반응"
      },
      {
        "model_id": "external_pretrained_e3_supercycle_stable",
        "track": "external-pretrained",
        "score_model": "external_proxy",
        "changed_params": {
          "ret_short": 15,
          "trend_fast": 12,
          "trend_slow": 48,
          "fee": 0.0035
        },
        "why": "슈퍼사이클 지속성 우선(완만 추세형)",
        "expected_risk": "전환점 대응 지연"
      }
    ],
    "inputs": {
      "universe_size": 120,
      "rebalance_points": 122
    }
  },
  "gate_status": {
    "gate1": "PASS",
    "gate2": "PASS",
    "gate3": "PASS",
    "gate4": "PASS",
    "high_density": "PASS"
  },
  "protocol_enforced": true,
  "track_counts_assertion": "pass",
  "track_counts": {
    "numeric": 3,
    "qualitative": 3,
    "hybrid": 3,
    "external-pretrained": 3
  },
  "final_decision": "ADOPT_INCREMENTAL_12_BASELINE_PROTOCOL_V321",
  "repeat_counter": 37,
  "stop_reason": "OFFICIAL_2021_CORE_2023_WEIGHTED_GATE_PASS"
}