{
  "status": "ok",
  "version": "v3_15_kr",
  "repeat_counter_start": 13,
  "repeat_counter_final": 18,
  "stop_reason": "MAX_REPEAT_REACHED_REDESIGN",
  "final_decision": "REDESIGN",
  "numeric_return": -0.14469924507803156,
  "qualitative_return": 0.9341373544157998,
  "hybrid_return": 1.081578030327087,
  "non_numeric_top_valid": false,
  "gate1_pass": true,
  "gate2_pass": true,
  "gate3_pass": false,
  "gate4_pass": true,
  "high_density_advantage_pass": true,
  "high_density_advantage_detail": {
    "high_density_mode": false,
    "avg_density": 0.2765757741152568,
    "high_density_threshold": 0.5,
    "high_density_advantage_required": 0.25,
    "advantage": 1.2262772754051185,
    "high_density_advantage_pass": true,
    "mdd_superior": true,
    "turnover_ratio": 0.8677685950413223,
    "turnover_ratio_max": 1.05,
    "high_density_risk_pass": true,
    "numeric_mdd": -0.3747706509152916,
    "non_numeric_mdd": -0.25113908397454565,
    "numeric_turnover": 0.9918032786885246,
    "non_numeric_turnover": 0.860655737704918
  },
  "output": "invest/results/validated/stage05_baselines_v3_15_kr.json"
}
